#
# There is insufficient memory for the Java Runtime Environment to continue.
# Native memory allocation (malloc) failed to allocate 7960600 bytes. Error detail: Chunk::new
# Possible reasons:
#   The system is out of physical RAM or swap space
#   This process is running with CompressedOops enabled, and the Java Heap may be blocking the growth of the native heap
# Possible solutions:
#   Reduce memory load on the system
#   Increase physical memory or swap space
#   Check if swap backing store is full
#   Decrease Java heap size (-Xmx/-Xms)
#   Decrease number of Java threads
#   Decrease Java thread stack sizes (-Xss)
#   Set larger code cache with -XX:ReservedCodeCacheSize=
#   JVM is running with Unscaled Compressed Oops mode in which the Java heap is
#     placed in the first 4GB address space. The Java Heap base address is the
#     maximum limit for the native heap growth. Please use -XX:HeapBaseMinAddress
#     to set the Java Heap base and to place the Java Heap above 4GB virtual address.
# This output file may be truncated or incomplete.
#
#  Out of Memory Error (arena.cpp:186), pid=15012, tid=144
#
# JRE version: OpenJDK Runtime Environment Temurin-25.0.1+8 (25.0.1+8) (build 25.0.1+8-LTS)
# Java VM: OpenJDK 64-Bit Server VM Temurin-25.0.1+8 (25.0.1+8-LTS, mixed mode, sharing, tiered, compressed oops, compressed class ptrs, g1 gc, windows-amd64)
# No core dump will be written. Minidumps are not enabled by default on client versions of Windows
#

---------------  S U M M A R Y ------------

Command Line: --add-opens=java.base/java.lang=ALL-UNNAMED --add-opens=java.base/java.lang.invoke=ALL-UNNAMED --add-opens=java.base/java.util=ALL-UNNAMED --add-opens=java.prefs/java.util.prefs=ALL-UNNAMED --add-exports=jdk.compiler/com.sun.tools.javac.api=ALL-UNNAMED --add-exports=jdk.compiler/com.sun.tools.javac.util=ALL-UNNAMED --add-opens=java.base/java.util=ALL-UNNAMED --add-opens=java.prefs/java.util.prefs=ALL-UNNAMED --add-opens=java.base/java.nio.charset=ALL-UNNAMED --add-opens=java.base/java.net=ALL-UNNAMED --add-opens=java.base/java.util.concurrent.atomic=ALL-UNNAMED --add-opens=java.xml/javax.xml.namespace=ALL-UNNAMED --enable-native-access=ALL-UNNAMED -Xmx2048M -Dfile.encoding=UTF-8 -Duser.country=US -Duser.language=en -Duser.variant -javaagent:C:\Users\bevan\.gradle\wrapper\dists\gradle-8.14-all\c2qonpi39x1mddn7hk5gh9iqj\gradle-8.14\lib\agents\gradle-instrumentation-agent-8.14.jar org.gradle.launcher.daemon.bootstrap.GradleDaemon 8.14

Host: 11th Gen Intel(R) Core(TM) i5-1135G7 @ 2.40GHz, 8 cores, 7G,  Windows 11 , 64 bit Build 26100 (10.0.26100.7920)
Time: Wed Mar 18 15:23:12 2026 Sri Lanka Standard Time elapsed time: 10.162816 seconds (0d 0h 0m 10s)

---------------  T H R E A D  ---------------

Current thread (0x000001daf49dec70):  JavaThread "C2 CompilerThread1" daemon [_thread_in_native, id=144, stack(0x000000d0e8700000,0x000000d0e8800000) (1024K)]


Current CompileTask:
C2:10163 5018       4       java.lang.String::split (148 bytes)

Stack: [0x000000d0e8700000,0x000000d0e8800000]
Native frames: (J=compiled Java code, j=interpreted, Vv=VM code, C=native code)
V  [jvm.dll+0x7a8379]  (no source info available)
V  [jvm.dll+0x7729fd]  (no source info available)
V  [jvm.dll+0x9f57b3]  (no source info available)
V  [jvm.dll+0x9f7da1]  (no source info available)
V  [jvm.dll+0x9f84a3]  (no source info available)
V  [jvm.dll+0x2fcd26]  (no source info available)
V  [jvm.dll+0x111086]  (no source info available)
V  [jvm.dll+0x1113ae]  (no source info available)
V  [jvm.dll+0x1a01a2]  (no source info available)
V  [jvm.dll+0x3b5e72]  (no source info available)
V  [jvm.dll+0x7adcec]  (no source info available)
V  [jvm.dll+0x2c0327]  (no source info available)
V  [jvm.dll+0x2bf2ef]  (no source info available)
V  [jvm.dll+0x237300]  (no source info available)
V  [jvm.dll+0x2cf386]  (no source info available)
V  [jvm.dll+0x2cd60a]  (no source info available)
V  [jvm.dll+0x48f64e]  (no source info available)
V  [jvm.dll+0x99630d]  (no source info available)
V  [jvm.dll+0x7a6955]  (no source info available)
C  [ucrtbase.dll+0x37b0]  (no source info available)
C  [KERNEL32.DLL+0x2e8d7]  (no source info available)
C  [ntdll.dll+0x8c48c]  (no source info available)

Lock stack of current Java thread (top to bottom):


---------------  P R O C E S S  ---------------

Threads class SMR info:
_java_thread_list=0x000001daf59a9070, length=40, elements={
0x000001dad12a63d0, 0x000001daee4685f0, 0x000001daee468db0, 0x000001daee469d80,
0x000001daee46ad50, 0x000001daee46b910, 0x000001daee46c4d0, 0x000001daee4703e0,
0x000001daee475410, 0x000001daee6355b0, 0x000001daee70c530, 0x000001daf49d2040,
0x000001daf4a24f70, 0x000001daf4a2fe50, 0x000001daf4e5e880, 0x000001daf4db8990,
0x000001daf4e1b820, 0x000001daee4af4f0, 0x000001daf4e08270, 0x000001daf4e0a1b0,
0x000001daf4e0a980, 0x000001daf4e0c8c0, 0x000001daf4e099e0, 0x000001daf4e0f7a0,
0x000001daf49dec70, 0x000001daf4d22db0, 0x000001daf4d21e10, 0x000001daf4d283a0,
0x000001daf4d26c30, 0x000001daf78ef300, 0x000001daf78f0a70, 0x000001daf78f02a0,
0x000001daf78ee360, 0x000001daf78eeb30, 0x000001daf38c5670, 0x000001daf78f4120,
0x000001daf4d23580, 0x000001daf6725f00, 0x000001daf6729d80, 0x000001daf6727e40
}

Java Threads: ( => current thread )
  0x000001dad12a63d0 JavaThread "main"                              [_thread_blocked, id=10080, stack(0x000000d0e6100000,0x000000d0e6200000) (1024K)]
  0x000001daee4685f0 JavaThread "Reference Handler"          daemon [_thread_blocked, id=28140, stack(0x000000d0e6900000,0x000000d0e6a00000) (1024K)]
  0x000001daee468db0 JavaThread "Finalizer"                  daemon [_thread_blocked, id=19692, stack(0x000000d0e6a00000,0x000000d0e6b00000) (1024K)]
  0x000001daee469d80 JavaThread "Signal Dispatcher"          daemon [_thread_blocked, id=25492, stack(0x000000d0e6b00000,0x000000d0e6c00000) (1024K)]
  0x000001daee46ad50 JavaThread "Attach Listener"            daemon [_thread_blocked, id=5456, stack(0x000000d0e6c00000,0x000000d0e6d00000) (1024K)]
  0x000001daee46b910 JavaThread "Service Thread"             daemon [_thread_blocked, id=22804, stack(0x000000d0e6d00000,0x000000d0e6e00000) (1024K)]
  0x000001daee46c4d0 JavaThread "Monitor Deflation Thread"   daemon [_thread_blocked, id=24204, stack(0x000000d0e6e00000,0x000000d0e6f00000) (1024K)]
  0x000001daee4703e0 JavaThread "C2 CompilerThread0"         daemon [_thread_in_native, id=18884, stack(0x000000d0e6f00000,0x000000d0e7000000) (1024K)]
  0x000001daee475410 JavaThread "C1 CompilerThread0"         daemon [_thread_in_native, id=23184, stack(0x000000d0e7000000,0x000000d0e7100000) (1024K)]
  0x000001daee6355b0 JavaThread "Common-Cleaner"             daemon [_thread_blocked, id=24920, stack(0x000000d0e7100000,0x000000d0e7200000) (1024K)]
  0x000001daee70c530 JavaThread "Notification Thread"        daemon [_thread_blocked, id=27424, stack(0x000000d0e7200000,0x000000d0e7300000) (1024K)]
  0x000001daf49d2040 JavaThread "Daemon health stats"               [_thread_blocked, id=20076, stack(0x000000d0e7400000,0x000000d0e7500000) (1024K)]
  0x000001daf4a24f70 JavaThread "Incoming local TCP Connector on port 56662"        [_thread_in_native, id=20156, stack(0x000000d0e7700000,0x000000d0e7800000) (1024K)]
  0x000001daf4a2fe50 JavaThread "Daemon periodic checks"            [_thread_blocked, id=1432, stack(0x000000d0e7800000,0x000000d0e7900000) (1024K)]
  0x000001daf4e5e880 JavaThread "Daemon"                            [_thread_blocked, id=24980, stack(0x000000d0e7900000,0x000000d0e7a00000) (1024K)]
  0x000001daf4db8990 JavaThread "Handler for socket connection from /127.0.0.1:56662 to /127.0.0.1:56663"        [_thread_in_native, id=9432, stack(0x000000d0e7a00000,0x000000d0e7b00000) (1024K)]
  0x000001daf4e1b820 JavaThread "Cancel handler"                    [_thread_blocked, id=3980, stack(0x000000d0e7300000,0x000000d0e7400000) (1024K)]
  0x000001daee4af4f0 JavaThread "Daemon worker"                     [_thread_in_Java, id=624, stack(0x000000d0e7b00000,0x000000d0e7c00000) (1024K)]
  0x000001daf4e08270 JavaThread "Asynchronous log dispatcher for DefaultDaemonConnection: socket connection from /127.0.0.1:56662 to /127.0.0.1:56663"        [_thread_blocked, id=9828, stack(0x000000d0e7c00000,0x000000d0e7d00000) (1024K)]
  0x000001daf4e0a1b0 JavaThread "Stdin handler"                     [_thread_blocked, id=22232, stack(0x000000d0e7d00000,0x000000d0e7e00000) (1024K)]
  0x000001daf4e0a980 JavaThread "Daemon client event forwarder"        [_thread_blocked, id=28080, stack(0x000000d0e7e00000,0x000000d0e7f00000) (1024K)]
  0x000001daf4e0c8c0 JavaThread "Cache worker for journal cache (C:\Users\bevan\.gradle\caches\journal-1)"        [_thread_blocked, id=14564, stack(0x000000d0e7f00000,0x000000d0e8000000) (1024K)]
  0x000001daf4e099e0 JavaThread "File lock request listener"        [_thread_in_native, id=23968, stack(0x000000d0e8000000,0x000000d0e8100000) (1024K)]
  0x000001daf4e0f7a0 JavaThread "Cache worker for file hash cache (C:\Users\bevan\.gradle\caches\8.14\fileHashes)"        [_thread_blocked, id=21056, stack(0x000000d0e8100000,0x000000d0e8200000) (1024K)]
=>0x000001daf49dec70 JavaThread "C2 CompilerThread1"         daemon [_thread_in_native, id=144, stack(0x000000d0e8700000,0x000000d0e8800000) (1024K)]
  0x000001daf4d22db0 JavaThread "Cache worker for file hash cache (C:\Users\bevan\GitHub\Zeylo-starter\zeylo\android\.gradle\8.14\fileHashes)"        [_thread_blocked, id=27096, stack(0x000000d0e8a00000,0x000000d0e8b00000) (1024K)]
  0x000001daf4d21e10 JavaThread "Cache worker for Build Output Cleanup Cache (C:\Users\bevan\GitHub\Zeylo-starter\zeylo\android\.gradle\buildOutputCleanup)"        [_thread_blocked, id=22556, stack(0x000000d0e8b00000,0x000000d0e8c00000) (1024K)]
  0x000001daf4d283a0 JavaThread "File watcher server"        daemon [_thread_in_native, id=20608, stack(0x000000d0e8c00000,0x000000d0e8d00000) (1024K)]
  0x000001daf4d26c30 JavaThread "File watcher consumer"      daemon [_thread_blocked, id=9296, stack(0x000000d0e8d00000,0x000000d0e8e00000) (1024K)]
  0x000001daf78ef300 JavaThread "jar transforms"                    [_thread_blocked, id=13232, stack(0x000000d0e8e00000,0x000000d0e8f00000) (1024K)]
  0x000001daf78f0a70 JavaThread "jar transforms Thread 2"           [_thread_blocked, id=9208, stack(0x000000d0e8f00000,0x000000d0e9000000) (1024K)]
  0x000001daf78f02a0 JavaThread "jar transforms Thread 3"           [_thread_blocked, id=18540, stack(0x000000d0e9000000,0x000000d0e9100000) (1024K)]
  0x000001daf78ee360 JavaThread "jar transforms Thread 4"           [_thread_blocked, id=27588, stack(0x000000d0e8800000,0x000000d0e8900000) (1024K)]
  0x000001daf78eeb30 JavaThread "jar transforms Thread 5"           [_thread_blocked, id=1916, stack(0x000000d0e9100000,0x000000d0e9200000) (1024K)]
  0x000001daf38c5670 JavaThread "C2 CompilerThread2"         daemon [_thread_blocked, id=3688, stack(0x000000d0e9200000,0x000000d0e9300000) (1024K)]
  0x000001daf78f4120 JavaThread "Cache worker for checksums cache (C:\Users\bevan\GitHub\Zeylo-starter\zeylo\android\.gradle\8.14\checksums)"        [_thread_blocked, id=9348, stack(0x000000d0e9300000,0x000000d0e9400000) (1024K)]
  0x000001daf4d23580 JavaThread "Cache worker for file content cache (C:\Users\bevan\.gradle\caches\8.14\fileContent)"        [_thread_blocked, id=24484, stack(0x000000d0e9400000,0x000000d0e9500000) (1024K)]
  0x000001daf6725f00 JavaThread "jar transforms Thread 6"           [_thread_blocked, id=20424, stack(0x000000d0e9500000,0x000000d0e9600000) (1024K)]
  0x000001daf6729d80 JavaThread "jar transforms Thread 7"           [_thread_blocked, id=20216, stack(0x000000d0e9600000,0x000000d0e9700000) (1024K)]
  0x000001daf6727e40 JavaThread "jar transforms Thread 8"           [_thread_blocked, id=8760, stack(0x000000d0e9700000,0x000000d0e9800000) (1024K)]
Total: 40

Other Threads:
  0x000001daee455e80 VMThread "VM Thread"                           [id=10256, stack(0x000000d0e6800000,0x000000d0e6900000) (1024K)]
  0x000001daee4436a0 WatcherThread "VM Periodic Task Thread"        [id=20100, stack(0x000000d0e6700000,0x000000d0e6800000) (1024K)]
  0x000001dacf08e010 WorkerThread "GC Thread#0"                     [id=2088, stack(0x000000d0e6200000,0x000000d0e6300000) (1024K)]
  0x000001daf3fd5250 WorkerThread "GC Thread#1"                     [id=24032, stack(0x000000d0e7500000,0x000000d0e7600000) (1024K)]
  0x000001daf3fd5680 WorkerThread "GC Thread#2"                     [id=22820, stack(0x000000d0e7600000,0x000000d0e7700000) (1024K)]
  0x000001daf52992b0 WorkerThread "GC Thread#3"                     [id=2900, stack(0x000000d0e8200000,0x000000d0e8300000) (1024K)]
  0x000001daf52985c0 WorkerThread "GC Thread#4"                     [id=2680, stack(0x000000d0e8300000,0x000000d0e8400000) (1024K)]
  0x000001daf5298e60 WorkerThread "GC Thread#5"                     [id=20436, stack(0x000000d0e8400000,0x000000d0e8500000) (1024K)]
  0x000001daf5299fa0 WorkerThread "GC Thread#6"                     [id=11484, stack(0x000000d0e8500000,0x000000d0e8600000) (1024K)]
  0x000001daf529ac90 WorkerThread "GC Thread#7"                     [id=21480, stack(0x000000d0e8600000,0x000000d0e8700000) (1024K)]
  0x000001dad1314210 ConcurrentGCThread "G1 Main Marker"            [id=27552, stack(0x000000d0e6300000,0x000000d0e6400000) (1024K)]
  0x000001dad1316090 WorkerThread "G1 Conc#0"                       [id=13388, stack(0x000000d0e6400000,0x000000d0e6500000) (1024K)]
  0x000001daf529bdd0 WorkerThread "G1 Conc#1"                       [id=8876, stack(0x000000d0e8900000,0x000000d0e8a00000) (1024K)]
  0x000001dad135e290 ConcurrentGCThread "G1 Refine#0"               [id=23468, stack(0x000000d0e6500000,0x000000d0e6600000) (1024K)]
  0x000001daee314150 ConcurrentGCThread "G1 Service"                [id=25276, stack(0x000000d0e6600000,0x000000d0e6700000) (1024K)]
Total: 15

Threads with active compile tasks:
C2 CompilerThread1  10858 5018       4       java.lang.String::split (148 bytes)
Total: 1

VM state: not at safepoint (normal execution)

VM Mutex/Monitor currently owned by a thread: None

Heap address: 0x0000000080000000, size: 2048 MB, Compressed Oops mode: 32-bit

CDS archive(s) mapped at: [0x000000003a000000-0x000000003add0000-0x000000003add0000), size 14483456, SharedBaseAddress: 0x000000003a000000, ArchiveRelocationMode: 1.
Compressed class space mapped at: 0x000000003b000000-0x000000007b000000, reserved size: 1073741824
UseCompressedClassPointers 1, UseCompactObjectHeaders 0
Narrow klass pointer bits 32, Max shift 3
Narrow klass base: 0x000000003a000000, Narrow klass shift: 0
Encoding Range: [0x000000003a000000 - 0x000000013a000000), (4294967296 bytes)
Klass Range:    [0x000000003a010000 - 0x000000007b000000), (1090453504 bytes)
Klass ID Range:  [65536 - 1090519033) (1090453497)
Protection zone: [0x000000003a000000 - 0x000000003a010000), (65536 bytes)

GC Precious Log:
 CardTable entry size: 512
 Card Set container configuration: InlinePtr #cards 5 size 8 Array Of Cards #cards 10 size 36 Howl #buckets 4 coarsen threshold 1843 Howl Bitmap #cards 512 size 80 coarsen threshold 460 Card regions per heap region 1 cards per card region 2048
 CPUs: 8 total, 8 available
 Memory: 7932M
 Large Page Support: Disabled
 NUMA Support: Disabled
 Compressed Oops: Enabled (32-bit)
 Heap Region Size: 1M
 Heap Min Capacity: 8M
 Heap Initial Capacity: 124M
 Heap Max Capacity: 2G
 Pre-touch: Disabled
 Parallel Workers: 8
 Concurrent Workers: 2
 Concurrent Refinement Workers: 8
 Periodic GC: Disabled

Heap:
 garbage-first heap   total reserved 2097152K, committed 102400K, used 64623K [0x0000000080000000, 0x0000000100000000)
  region size 1024K, 28 young (28672K), 2 survivors (2048K)

Heap Regions: E=young(eden), S=young(survivor), O=old, HS=humongous(starts), HC=humongous(continues), CS=collection set, F=free, TAMS=top-at-mark-start, PB=parsable bottom
|   0|0x0000000080000000, 0x0000000080100000, 0x0000000080100000|100%|HS|  |TAMS 0x0000000080000000| PB 0x0000000080000000| Complete |  0
|   1|0x0000000080100000, 0x0000000080200000, 0x0000000080200000|100%|HC|  |TAMS 0x0000000080100000| PB 0x0000000080100000| Complete |  0
|   2|0x0000000080200000, 0x0000000080300000, 0x0000000080300000|100%|HC|  |TAMS 0x0000000080200000| PB 0x0000000080200000| Complete |  0
|   3|0x0000000080300000, 0x0000000080400000, 0x0000000080400000|100%| O|  |TAMS 0x0000000080300000| PB 0x0000000080300000| Untracked |  0
|   4|0x0000000080400000, 0x0000000080500000, 0x0000000080500000|100%|HS|  |TAMS 0x0000000080400000| PB 0x0000000080400000| Complete |  0
|   5|0x0000000080500000, 0x0000000080600000, 0x0000000080600000|100%| O|  |TAMS 0x0000000080500000| PB 0x0000000080500000| Untracked |  0
|   6|0x0000000080600000, 0x0000000080700000, 0x0000000080700000|100%| O|  |TAMS 0x0000000080600000| PB 0x0000000080600000| Untracked |  0
|   7|0x0000000080700000, 0x0000000080800000, 0x0000000080800000|100%| O|  |TAMS 0x0000000080700000| PB 0x0000000080700000| Untracked |  0
|   8|0x0000000080800000, 0x0000000080900000, 0x0000000080900000|100%| O|  |TAMS 0x0000000080800000| PB 0x0000000080800000| Untracked |  0
|   9|0x0000000080900000, 0x0000000080a00000, 0x0000000080a00000|100%| O|  |TAMS 0x0000000080900000| PB 0x0000000080900000| Untracked |  0
|  10|0x0000000080a00000, 0x0000000080b00000, 0x0000000080b00000|100%| O|  |TAMS 0x0000000080a00000| PB 0x0000000080a00000| Untracked |  0
|  11|0x0000000080b00000, 0x0000000080c00000, 0x0000000080c00000|100%| O|  |TAMS 0x0000000080b00000| PB 0x0000000080b00000| Untracked |  0
|  12|0x0000000080c00000, 0x0000000080d00000, 0x0000000080d00000|100%| O|  |TAMS 0x0000000080c00000| PB 0x0000000080c00000| Untracked |  0
|  13|0x0000000080d00000, 0x0000000080e00000, 0x0000000080e00000|100%| O|  |TAMS 0x0000000080d00000| PB 0x0000000080d00000| Untracked |  0
|  14|0x0000000080e00000, 0x0000000080f00000, 0x0000000080f00000|100%| O|  |TAMS 0x0000000080e00000| PB 0x0000000080e00000| Untracked |  0
|  15|0x0000000080f00000, 0x0000000080fd3b60, 0x0000000081000000| 82%| O|  |TAMS 0x0000000080f00000| PB 0x0000000080f00000| Untracked |  0
|  16|0x0000000081000000, 0x0000000081100000, 0x0000000081100000|100%| O|  |TAMS 0x0000000081000000| PB 0x0000000081000000| Untracked |  0
|  17|0x0000000081100000, 0x0000000081200000, 0x0000000081200000|100%| O|  |TAMS 0x0000000081100000| PB 0x0000000081100000| Untracked |  0
|  18|0x0000000081200000, 0x0000000081300000, 0x0000000081300000|100%| O|  |TAMS 0x0000000081200000| PB 0x0000000081200000| Untracked |  0
|  19|0x0000000081300000, 0x0000000081400000, 0x0000000081400000|100%| O|  |TAMS 0x0000000081300000| PB 0x0000000081300000| Untracked |  0
|  20|0x0000000081400000, 0x0000000081500000, 0x0000000081500000|100%| O|  |TAMS 0x0000000081400000| PB 0x0000000081400000| Untracked |  0
|  21|0x0000000081500000, 0x0000000081600000, 0x0000000081600000|100%| O|  |TAMS 0x0000000081500000| PB 0x0000000081500000| Untracked |  0
|  22|0x0000000081600000, 0x0000000081700000, 0x0000000081700000|100%| O|Cm|TAMS 0x0000000081600000| PB 0x0000000081600000| Complete |  0
|  23|0x0000000081700000, 0x0000000081800000, 0x0000000081800000|100%| O|  |TAMS 0x0000000081700000| PB 0x0000000081700000| Untracked |  0
|  24|0x0000000081800000, 0x0000000081900000, 0x0000000081900000|100%| O|  |TAMS 0x0000000081800000| PB 0x0000000081800000| Untracked |  0
|  25|0x0000000081900000, 0x0000000081a00000, 0x0000000081a00000|100%| O|  |TAMS 0x0000000081900000| PB 0x0000000081900000| Untracked |  0
|  26|0x0000000081a00000, 0x0000000081a48470, 0x0000000081b00000| 28%| O|  |TAMS 0x0000000081a00000| PB 0x0000000081a00000| Untracked |  0
|  27|0x0000000081b00000, 0x0000000081c00000, 0x0000000081c00000|100%|HS|  |TAMS 0x0000000081b00000| PB 0x0000000081b00000| Complete |  0
|  28|0x0000000081c00000, 0x0000000081d00000, 0x0000000081d00000|100%|HS|  |TAMS 0x0000000081c00000| PB 0x0000000081c00000| Complete |  0
|  29|0x0000000081d00000, 0x0000000081e00000, 0x0000000081e00000|100%|HC|  |TAMS 0x0000000081d00000| PB 0x0000000081d00000| Complete |  0
|  30|0x0000000081e00000, 0x0000000081f00000, 0x0000000081f00000|100%|HS|  |TAMS 0x0000000081e00000| PB 0x0000000081e00000| Complete |  0
|  31|0x0000000081f00000, 0x0000000082000000, 0x0000000082000000|100%|HC|  |TAMS 0x0000000081f00000| PB 0x0000000081f00000| Complete |  0
|  32|0x0000000082000000, 0x0000000082000000, 0x0000000082100000|  0%| F|  |TAMS 0x0000000082000000| PB 0x0000000082000000| Untracked |  0
|  33|0x0000000082100000, 0x0000000082100000, 0x0000000082200000|  0%| F|  |TAMS 0x0000000082100000| PB 0x0000000082100000| Untracked |  0
|  34|0x0000000082200000, 0x0000000082200000, 0x0000000082300000|  0%| F|  |TAMS 0x0000000082200000| PB 0x0000000082200000| Untracked |  0
|  35|0x0000000082300000, 0x0000000082300000, 0x0000000082400000|  0%| F|  |TAMS 0x0000000082300000| PB 0x0000000082300000| Untracked |  0
|  36|0x0000000082400000, 0x0000000082400000, 0x0000000082500000|  0%| F|  |TAMS 0x0000000082400000| PB 0x0000000082400000| Untracked |  0
|  37|0x0000000082500000, 0x0000000082500000, 0x0000000082600000|  0%| F|  |TAMS 0x0000000082500000| PB 0x0000000082500000| Untracked |  0
|  38|0x0000000082600000, 0x0000000082600000, 0x0000000082700000|  0%| F|  |TAMS 0x0000000082600000| PB 0x0000000082600000| Untracked |  0
|  39|0x0000000082700000, 0x0000000082700000, 0x0000000082800000|  0%| F|  |TAMS 0x0000000082700000| PB 0x0000000082700000| Untracked |  0
|  40|0x0000000082800000, 0x0000000082800000, 0x0000000082900000|  0%| F|  |TAMS 0x0000000082800000| PB 0x0000000082800000| Untracked |  0
|  41|0x0000000082900000, 0x0000000082900000, 0x0000000082a00000|  0%| F|  |TAMS 0x0000000082900000| PB 0x0000000082900000| Untracked |  0
|  42|0x0000000082a00000, 0x0000000082a00000, 0x0000000082b00000|  0%| F|  |TAMS 0x0000000082a00000| PB 0x0000000082a00000| Untracked |  0
|  43|0x0000000082b00000, 0x0000000082b00000, 0x0000000082c00000|  0%| F|  |TAMS 0x0000000082b00000| PB 0x0000000082b00000| Untracked |  0
|  44|0x0000000082c00000, 0x0000000082c00000, 0x0000000082d00000|  0%| F|  |TAMS 0x0000000082c00000| PB 0x0000000082c00000| Untracked |  0
|  45|0x0000000082d00000, 0x0000000082d00000, 0x0000000082e00000|  0%| F|  |TAMS 0x0000000082d00000| PB 0x0000000082d00000| Untracked |  0
|  46|0x0000000082e00000, 0x0000000082e00000, 0x0000000082f00000|  0%| F|  |TAMS 0x0000000082e00000| PB 0x0000000082e00000| Untracked |  0
|  47|0x0000000082f00000, 0x0000000082f00000, 0x0000000083000000|  0%| F|  |TAMS 0x0000000082f00000| PB 0x0000000082f00000| Untracked |  0
|  48|0x0000000083000000, 0x0000000083000000, 0x0000000083100000|  0%| F|  |TAMS 0x0000000083000000| PB 0x0000000083000000| Untracked |  0
|  49|0x0000000083100000, 0x0000000083100000, 0x0000000083200000|  0%| F|  |TAMS 0x0000000083100000| PB 0x0000000083100000| Untracked |  0
|  50|0x0000000083200000, 0x0000000083200000, 0x0000000083300000|  0%| F|  |TAMS 0x0000000083200000| PB 0x0000000083200000| Untracked |  0
|  51|0x0000000083300000, 0x0000000083300000, 0x0000000083400000|  0%| F|  |TAMS 0x0000000083300000| PB 0x0000000083300000| Untracked |  0
|  52|0x0000000083400000, 0x0000000083400000, 0x0000000083500000|  0%| F|  |TAMS 0x0000000083400000| PB 0x0000000083400000| Untracked |  0
|  53|0x0000000083500000, 0x0000000083500000, 0x0000000083600000|  0%| F|  |TAMS 0x0000000083500000| PB 0x0000000083500000| Untracked |  0
|  54|0x0000000083600000, 0x0000000083600000, 0x0000000083700000|  0%| F|  |TAMS 0x0000000083600000| PB 0x0000000083600000| Untracked |  0
|  55|0x0000000083700000, 0x0000000083700000, 0x0000000083800000|  0%| F|  |TAMS 0x0000000083700000| PB 0x0000000083700000| Untracked |  0
|  56|0x0000000083800000, 0x0000000083800000, 0x0000000083900000|  0%| F|  |TAMS 0x0000000083800000| PB 0x0000000083800000| Untracked |  0
|  57|0x0000000083900000, 0x0000000083900000, 0x0000000083a00000|  0%| F|  |TAMS 0x0000000083900000| PB 0x0000000083900000| Untracked |  0
|  58|0x0000000083a00000, 0x0000000083a00000, 0x0000000083b00000|  0%| F|  |TAMS 0x0000000083a00000| PB 0x0000000083a00000| Untracked |  0
|  59|0x0000000083b00000, 0x0000000083b00000, 0x0000000083c00000|  0%| F|  |TAMS 0x0000000083b00000| PB 0x0000000083b00000| Untracked |  0
|  60|0x0000000083c00000, 0x0000000083c00000, 0x0000000083d00000|  0%| F|  |TAMS 0x0000000083c00000| PB 0x0000000083c00000| Untracked |  0
|  61|0x0000000083d00000, 0x0000000083d00000, 0x0000000083e00000|  0%| F|  |TAMS 0x0000000083d00000| PB 0x0000000083d00000| Untracked |  0
|  62|0x0000000083e00000, 0x0000000083e00000, 0x0000000083f00000|  0%| F|  |TAMS 0x0000000083e00000| PB 0x0000000083e00000| Untracked |  0
|  63|0x0000000083f00000, 0x0000000083f00000, 0x0000000084000000|  0%| F|  |TAMS 0x0000000083f00000| PB 0x0000000083f00000| Untracked |  0
|  64|0x0000000084000000, 0x0000000084000000, 0x0000000084100000|  0%| F|  |TAMS 0x0000000084000000| PB 0x0000000084000000| Untracked |  0
|  65|0x0000000084100000, 0x0000000084100000, 0x0000000084200000|  0%| F|  |TAMS 0x0000000084100000| PB 0x0000000084100000| Untracked |  0
|  66|0x0000000084200000, 0x0000000084300000, 0x0000000084300000|100%| E|  |TAMS 0x0000000084200000| PB 0x0000000084200000| Complete |  0
|  67|0x0000000084300000, 0x0000000084400000, 0x0000000084400000|100%| E|CS|TAMS 0x0000000084300000| PB 0x0000000084300000| Complete |  0
|  68|0x0000000084400000, 0x0000000084500000, 0x0000000084500000|100%| E|CS|TAMS 0x0000000084400000| PB 0x0000000084400000| Complete |  0
|  69|0x0000000084500000, 0x0000000084600000, 0x0000000084600000|100%| E|CS|TAMS 0x0000000084500000| PB 0x0000000084500000| Complete |  0
|  70|0x0000000084600000, 0x0000000084700000, 0x0000000084700000|100%| S|CS|TAMS 0x0000000084600000| PB 0x0000000084600000| Complete |  0
|  71|0x0000000084700000, 0x0000000084800000, 0x0000000084800000|100%| S|CS|TAMS 0x0000000084700000| PB 0x0000000084700000| Complete |  0
|  72|0x0000000084800000, 0x0000000084900000, 0x0000000084900000|100%| E|CS|TAMS 0x0000000084800000| PB 0x0000000084800000| Complete |  0
|  73|0x0000000084900000, 0x0000000084a00000, 0x0000000084a00000|100%| E|CS|TAMS 0x0000000084900000| PB 0x0000000084900000| Complete |  0
|  74|0x0000000084a00000, 0x0000000084b00000, 0x0000000084b00000|100%| E|CS|TAMS 0x0000000084a00000| PB 0x0000000084a00000| Complete |  0
|  75|0x0000000084b00000, 0x0000000084c00000, 0x0000000084c00000|100%| E|CS|TAMS 0x0000000084b00000| PB 0x0000000084b00000| Complete |  0
|  76|0x0000000084c00000, 0x0000000084d00000, 0x0000000084d00000|100%| E|CS|TAMS 0x0000000084c00000| PB 0x0000000084c00000| Complete |  0
|  77|0x0000000084d00000, 0x0000000084e00000, 0x0000000084e00000|100%| E|CS|TAMS 0x0000000084d00000| PB 0x0000000084d00000| Complete |  0
|  78|0x0000000084e00000, 0x0000000084f00000, 0x0000000084f00000|100%| E|CS|TAMS 0x0000000084e00000| PB 0x0000000084e00000| Complete |  0
|  79|0x0000000084f00000, 0x0000000085000000, 0x0000000085000000|100%| E|CS|TAMS 0x0000000084f00000| PB 0x0000000084f00000| Complete |  0
|  80|0x0000000085000000, 0x0000000085100000, 0x0000000085100000|100%| E|CS|TAMS 0x0000000085000000| PB 0x0000000085000000| Complete |  0
|  81|0x0000000085100000, 0x0000000085200000, 0x0000000085200000|100%| E|CS|TAMS 0x0000000085100000| PB 0x0000000085100000| Complete |  0
|  82|0x0000000085200000, 0x0000000085300000, 0x0000000085300000|100%| E|CS|TAMS 0x0000000085200000| PB 0x0000000085200000| Complete |  0
|  83|0x0000000085300000, 0x0000000085400000, 0x0000000085400000|100%| E|CS|TAMS 0x0000000085300000| PB 0x0000000085300000| Complete |  0
|  84|0x0000000085400000, 0x0000000085500000, 0x0000000085500000|100%| E|CS|TAMS 0x0000000085400000| PB 0x0000000085400000| Complete |  0
|  85|0x0000000085500000, 0x0000000085600000, 0x0000000085600000|100%| E|  |TAMS 0x0000000085500000| PB 0x0000000085500000| Complete |  0
|  86|0x0000000085600000, 0x0000000085700000, 0x0000000085700000|100%| E|CS|TAMS 0x0000000085600000| PB 0x0000000085600000| Complete |  0
|  87|0x0000000085700000, 0x0000000085800000, 0x0000000085800000|100%| E|CS|TAMS 0x0000000085700000| PB 0x0000000085700000| Complete |  0
|  88|0x0000000085800000, 0x0000000085900000, 0x0000000085900000|100%| E|CS|TAMS 0x0000000085800000| PB 0x0000000085800000| Complete |  0
|  89|0x0000000085900000, 0x0000000085a00000, 0x0000000085a00000|100%| E|CS|TAMS 0x0000000085900000| PB 0x0000000085900000| Complete |  0
|  90|0x0000000085a00000, 0x0000000085b00000, 0x0000000085b00000|100%| E|CS|TAMS 0x0000000085a00000| PB 0x0000000085a00000| Complete |  0
|  91|0x0000000085b00000, 0x0000000085c00000, 0x0000000085c00000|100%| E|CS|TAMS 0x0000000085b00000| PB 0x0000000085b00000| Complete |  0
| 123|0x0000000087b00000, 0x0000000087c00000, 0x0000000087c00000|100%| E|CS|TAMS 0x0000000087b00000| PB 0x0000000087b00000| Complete |  0
|2041|0x00000000ff900000, 0x00000000ffa00000, 0x00000000ffa00000|100%| O|  |TAMS 0x00000000ff900000| PB 0x00000000ff900000| Untracked |  0
|2042|0x00000000ffa00000, 0x00000000ffb00000, 0x00000000ffb00000|100%| O|  |TAMS 0x00000000ffa00000| PB 0x00000000ffa00000| Untracked |  0
|2043|0x00000000ffb00000, 0x00000000ffc00000, 0x00000000ffc00000|100%| O|  |TAMS 0x00000000ffb00000| PB 0x00000000ffb00000| Untracked |  0
|2044|0x00000000ffc00000, 0x00000000ffd00000, 0x00000000ffd00000|100%| O|  |TAMS 0x00000000ffc00000| PB 0x00000000ffc00000| Untracked |  0
|2045|0x00000000ffd00000, 0x00000000ffe00000, 0x00000000ffe00000|100%| O|  |TAMS 0x00000000ffd00000| PB 0x00000000ffd00000| Untracked |  0
|2046|0x00000000ffe00000, 0x00000000fff00000, 0x00000000fff00000|100%| O|  |TAMS 0x00000000ffe00000| PB 0x00000000ffe00000| Untracked |  0
|2047|0x00000000fff00000, 0x0000000100000000, 0x0000000100000000|100%| E|CS|TAMS 0x00000000fff00000| PB 0x00000000fff00000| Complete |  0

Card table byte_map: [0x000001dae95e0000,0x000001dae99e0000] _byte_map_base: 0x000001dae91e0000

Marking Bits: (CMBitMap*) 0x000001dacf08e7a0
 Bits: [0x000001dae99e0000, 0x000001daeb9e0000)

Polling page: 0x000001dacf130000

Metaspace:
Metaspace        used 38081K, committed 39232K, reserved 1114112K
 class space     used 4016K, committed 4544K, reserved 1048576K

Usage:
  Non-class:     33.27 MB used.
      Class:      3.92 MB used.
       Both:     37.19 MB used.

Virtual space:
  Non-class space:       64.00 MB reserved,      33.88 MB ( 53%) committed,  1 nodes.
      Class space:        1.00 GB reserved,       4.44 MB ( <1%) committed,  1 nodes.
             Both:        1.06 GB reserved,      38.31 MB (  4%) committed. 

Chunk freelists:
   Non-Class:  13.92 MB
       Class:  11.61 MB
        Both:  25.53 MB

MaxMetaspaceSize: unlimited
CompressedClassSpaceSize: 1.00 GB
Initial GC threshold: 21.00 MB
Current GC threshold: 59.19 MB
CDS: on
 - commit_granule_bytes: 65536.
 - commit_granule_words: 8192.
 - virtual_space_node_default_size: 8388608.
 - enlarge_chunks_in_place: 1.
UseCompressedClassPointers 1, UseCompactObjectHeaders 0
Narrow klass pointer bits 32, Max shift 3
Narrow klass base: 0x000000003a000000, Narrow klass shift: 0
Encoding Range: [0x000000003a000000 - 0x000000013a000000), (4294967296 bytes)
Klass Range:    [0x000000003a010000 - 0x000000007b000000), (1090453504 bytes)
Klass ID Range:  [65536 - 1090519033) (1090453497)
Protection zone: [0x000000003a000000 - 0x000000003a010000), (65536 bytes)


Internal statistics:

num_allocs_failed_limit: 9.
num_arena_births: 1740.
num_arena_deaths: 0.
num_vsnodes_births: 2.
num_vsnodes_deaths: 0.
num_space_committed: 613.
num_space_uncommitted: 0.
num_chunks_returned_to_freelist: 9.
num_chunks_taken_from_freelist: 3169.
num_chunk_merges: 6.
num_chunk_splits: 2132.
num_chunks_enlarged: 1425.
num_inconsistent_stats: 0.

CodeHeap 'non-profiled nmethods': size=120064Kb used=2062Kb max_used=2065Kb free=118001Kb
 bounds [0x000001dae1850000, 0x000001dae1ac0000, 0x000001dae8d90000]
CodeHeap 'profiled nmethods': size=120000Kb used=7712Kb max_used=8158Kb free=112287Kb
 bounds [0x000001dad9d90000, 0x000001dada590000, 0x000001dae12c0000]
CodeHeap 'non-nmethods': size=5696Kb used=2831Kb max_used=2910Kb free=2864Kb
 bounds [0x000001dae12c0000, 0x000001dae15a0000, 0x000001dae1850000]
CodeCache: size=245760Kb, used=12605Kb, max_used=13133Kb, free=233152Kb
 total_blobs=5869, nmethods=4995, adapters=775, full_count=0
Compilation: enabled, stopped_count=0, restarted_count=0

Compilation events (20 events):
Event: 9.153 Thread 0x000001daee475410 5146       1       groovy.lang.MetaProperty::getType (5 bytes)
Event: 9.153 Thread 0x000001daee4703e0 nmethod 5143 0x000001dae1891a08 code [0x000001dae1891b00, 0x000001dae1891b90]
Event: 9.153 Thread 0x000001daee4703e0 5145       4       java.lang.Class::getInterfaces (40 bytes)
Event: 9.153 Thread 0x000001daee475410 nmethod 5146 0x000001dae18c0608 code [0x000001dae18c0700, 0x000001dae18c07c8]
Event: 9.153 Thread 0x000001daee475410 5150       3       org.codehaus.groovy.util.ComplexKeyHashMap$1::nextEntry (69 bytes)
Event: 9.154 Thread 0x000001daee475410 nmethod 5150 0x000001dada090e88 code [0x000001dada090f80, 0x000001dada0912f8]
Event: 9.154 Thread 0x000001daee475410 5149       3       org.codehaus.groovy.util.ComplexKeyHashMap$1::next (5 bytes)
Event: 9.154 Thread 0x000001daee475410 nmethod 5149 0x000001dad9de3c08 code [0x000001dad9de3d00, 0x000001dad9de3e50]
Event: 9.154 Thread 0x000001daee475410 5147       1       groovy.lang.MetaBeanProperty::getGetter (5 bytes)
Event: 9.154 Thread 0x000001daee475410 nmethod 5147 0x000001dae18c8b88 code [0x000001dae18c8c80, 0x000001dae18c8d48]
Event: 9.154 Thread 0x000001daee475410 5148       1       groovy.lang.MetaBeanProperty::getField (5 bytes)
Event: 9.154 Thread 0x000001daee475410 nmethod 5148 0x000001dae18f0888 code [0x000001dae18f0980, 0x000001dae18f0a48]
Event: 9.156 Thread 0x000001daf38c5670 nmethod 5124 0x000001dae18df308 code [0x000001dae18df400, 0x000001dae18e0988]
Event: 9.156 Thread 0x000001daf38c5670 5144       4       jdk.internal.util.DecimalDigits::uncheckedPutCharLatin1 (40 bytes)
Event: 10.040 Thread 0x000001daee475410 5151       1       javax.management.ObjectName$Property::setKeyIndex (6 bytes)
Event: 10.040 Thread 0x000001daee475410 nmethod 5151 0x000001dae1970308 code [0x000001dae1970400, 0x000001dae19704c8]
Event: 10.040 Thread 0x000001daee475410 5152       1       sun.management.MemoryPoolImpl::getName (5 bytes)
Event: 10.040 Thread 0x000001daee475410 nmethod 5152 0x000001dae1890b08 code [0x000001dae1890c00, 0x000001dae1890cc8]
Event: 10.157 Thread 0x000001daf38c5670 nmethod 5144 0x000001dae198ba08 code [0x000001dae198bb00, 0x000001dae198bb90]
Event: 10.159 Thread 0x000001daee4703e0 nmethod 5145 0x000001dae1878d88 code [0x000001dae1878e80, 0x000001dae1879540]

GC Heap Usage History (14 events):
Event: 1.783 {heap Before GC invocations=0 (full 0):
 garbage-first heap   total reserved 2097152K, committed 129024K, used 52371K [0x0000000080000000, 0x0000000100000000)
  region size 1024K, 47 young (48128K), 0 survivors (0K)
}
Event: 1.795 {heap After GC invocations=1 (full 0):
 garbage-first heap   total reserved 2097152K, committed 129024K, used 11360K [0x0000000080000000, 0x0000000100000000)
  region size 1024K, 6 young (6144K), 6 survivors (6144K)
}
Event: 2.652 {heap Before GC invocations=1 (full 0):
 garbage-first heap   total reserved 2097152K, committed 129024K, used 64608K [0x0000000080000000, 0x0000000100000000)
  region size 1024K, 56 young (57344K), 6 survivors (6144K)
}
Event: 2.662 {heap After GC invocations=2 (full 0):
 garbage-first heap   total reserved 2097152K, committed 129024K, used 17023K [0x0000000080000000, 0x0000000100000000)
  region size 1024K, 5 young (5120K), 5 survivors (5120K)
}
Event: 4.613 {heap Before GC invocations=2 (full 0):
 garbage-first heap   total reserved 2097152K, committed 129024K, used 78463K [0x0000000080000000, 0x0000000100000000)
  region size 1024K, 65 young (66560K), 5 survivors (5120K)
}
Event: 4.621 {heap After GC invocations=3 (full 0):
 garbage-first heap   total reserved 2097152K, committed 129024K, used 22054K [0x0000000080000000, 0x0000000100000000)
  region size 1024K, 9 young (9216K), 9 survivors (9216K)
}
Event: 5.495 {heap Before GC invocations=3 (full 0):
 garbage-first heap   total reserved 2097152K, committed 129024K, used 59942K [0x0000000080000000, 0x0000000100000000)
  region size 1024K, 47 young (48128K), 9 survivors (9216K)
}
Event: 5.505 {heap After GC invocations=4 (full 0):
 garbage-first heap   total reserved 2097152K, committed 129024K, used 25057K [0x0000000080000000, 0x0000000100000000)
  region size 1024K, 8 young (8192K), 8 survivors (8192K)
}
Event: 6.838 {heap Before GC invocations=5 (full 0):
 garbage-first heap   total reserved 2097152K, committed 89088K, used 86497K [0x0000000080000000, 0x0000000100000000)
  region size 1024K, 69 young (70656K), 8 survivors (8192K)
}
Event: 6.851 {heap After GC invocations=6 (full 0):
 garbage-first heap   total reserved 2097152K, committed 102400K, used 29609K [0x0000000080000000, 0x0000000100000000)
  region size 1024K, 8 young (8192K), 8 survivors (8192K)
}
Event: 8.752 {heap Before GC invocations=6 (full 0):
 garbage-first heap   total reserved 2097152K, committed 102400K, used 64425K [0x0000000080000000, 0x0000000100000000)
  region size 1024K, 44 young (45056K), 8 survivors (8192K)
}
Event: 8.760 {heap After GC invocations=7 (full 0):
 garbage-first heap   total reserved 2097152K, committed 102400K, used 33964K [0x0000000080000000, 0x0000000100000000)
  region size 1024K, 5 young (5120K), 5 survivors (5120K)
}
Event: 8.914 {heap Before GC invocations=7 (full 0):
 garbage-first heap   total reserved 2097152K, committed 102400K, used 55468K [0x0000000080000000, 0x0000000100000000)
  region size 1024K, 27 young (27648K), 5 survivors (5120K)
}
Event: 8.920 {heap After GC invocations=8 (full 0):
 garbage-first heap   total reserved 2097152K, committed 102400K, used 34927K [0x0000000080000000, 0x0000000100000000)
  region size 1024K, 2 young (2048K), 2 survivors (2048K)
}

Metaspace Usage History (14 events):
Event: 1.783 {metaspace Before GC invocations=0 (full 0):
 Metaspace       used 4399K, committed 4608K, reserved 1114112K
  class space    used 364K, committed 448K, reserved 1048576K
}
Event: 1.795 {metaspace After GC invocations=1 (full 0):
 Metaspace       used 4399K, committed 4608K, reserved 1114112K
  class space    used 364K, committed 448K, reserved 1048576K
}
Event: 2.652 {metaspace Before GC invocations=1 (full 0):
 Metaspace       used 4706K, committed 4928K, reserved 1114112K
  class space    used 411K, committed 512K, reserved 1048576K
}
Event: 2.662 {metaspace After GC invocations=2 (full 0):
 Metaspace       used 4706K, committed 4928K, reserved 1114112K
  class space    used 411K, committed 512K, reserved 1048576K
}
Event: 4.613 {metaspace Before GC invocations=2 (full 0):
 Metaspace       used 15848K, committed 16384K, reserved 1114112K
  class space    used 1618K, committed 1856K, reserved 1048576K
}
Event: 4.621 {metaspace After GC invocations=3 (full 0):
 Metaspace       used 15848K, committed 16384K, reserved 1114112K
  class space    used 1618K, committed 1856K, reserved 1048576K
}
Event: 5.495 {metaspace Before GC invocations=3 (full 0):
 Metaspace       used 20875K, committed 21504K, reserved 1114112K
  class space    used 2205K, committed 2496K, reserved 1048576K
}
Event: 5.505 {metaspace After GC invocations=4 (full 0):
 Metaspace       used 20875K, committed 21504K, reserved 1114112K
  class space    used 2205K, committed 2496K, reserved 1048576K
}
Event: 6.838 {metaspace Before GC invocations=5 (full 0):
 Metaspace       used 28127K, committed 29056K, reserved 1114112K
  class space    used 3082K, committed 3520K, reserved 1048576K
}
Event: 6.851 {metaspace After GC invocations=6 (full 0):
 Metaspace       used 28127K, committed 29056K, reserved 1114112K
  class space    used 3082K, committed 3520K, reserved 1048576K
}
Event: 8.752 {metaspace Before GC invocations=6 (full 0):
 Metaspace       used 34991K, committed 35968K, reserved 1114112K
  class space    used 3759K, committed 4224K, reserved 1048576K
}
Event: 8.760 {metaspace After GC invocations=7 (full 0):
 Metaspace       used 34991K, committed 35968K, reserved 1114112K
  class space    used 3759K, committed 4224K, reserved 1048576K
}
Event: 8.914 {metaspace Before GC invocations=7 (full 0):
 Metaspace       used 35316K, committed 36288K, reserved 1114112K
  class space    used 3774K, committed 4224K, reserved 1048576K
}
Event: 8.920 {metaspace After GC invocations=8 (full 0):
 Metaspace       used 35316K, committed 36288K, reserved 1114112K
  class space    used 3774K, committed 4224K, reserved 1048576K
}

Dll operation events (14 events):
Event: 0.015 Loaded shared library C:\Program Files\Eclipse Adoptium\jdk-25.0.1.8-hotspot\bin\java.dll
Event: 0.233 Loaded shared library C:\Program Files\Eclipse Adoptium\jdk-25.0.1.8-hotspot\bin\zip.dll
Event: 0.238 Loaded shared library C:\Program Files\Eclipse Adoptium\jdk-25.0.1.8-hotspot\bin\instrument.dll
Event: 0.246 Loaded shared library C:\Program Files\Eclipse Adoptium\jdk-25.0.1.8-hotspot\bin\net.dll
Event: 0.250 Loaded shared library C:\Program Files\Eclipse Adoptium\jdk-25.0.1.8-hotspot\bin\nio.dll
Event: 0.255 Loaded shared library C:\Program Files\Eclipse Adoptium\jdk-25.0.1.8-hotspot\bin\zip.dll
Event: 0.746 Loaded shared library C:\Program Files\Eclipse Adoptium\jdk-25.0.1.8-hotspot\bin\jimage.dll
Event: 1.006 Loaded shared library C:\Program Files\Eclipse Adoptium\jdk-25.0.1.8-hotspot\bin\verify.dll
Event: 1.165 Loaded shared library C:\Users\bevan\.gradle\native\1def1411415f61bf3af743bc5b6707747c0891f09f0c88961ee8f79bc544acac\windows-amd64\native-platform.dll
Event: 1.185 Loaded shared library C:\Users\bevan\.gradle\native\0.2.7\x86_64-windows-gnu\gradle-fileevents.dll
Event: 2.986 Loaded shared library C:\Program Files\Eclipse Adoptium\jdk-25.0.1.8-hotspot\bin\management.dll
Event: 2.992 Loaded shared library C:\Program Files\Eclipse Adoptium\jdk-25.0.1.8-hotspot\bin\management_ext.dll
Event: 3.216 Loaded shared library C:\Program Files\Eclipse Adoptium\jdk-25.0.1.8-hotspot\bin\extnet.dll
Event: 3.601 Loaded shared library C:\Program Files\Eclipse Adoptium\jdk-25.0.1.8-hotspot\bin\sunmscapi.dll

Deoptimization events (20 events):
Event: 9.039 Thread 0x000001daf49d2040 Uncommon trap: trap_request=0xffffffc6 fr.pc=0x000001dae18c4c28 relative=0x00000000000000a8
Event: 9.039 Thread 0x000001daf49d2040 Uncommon trap: reason=bimorphic_or_optimized_type_check action=maybe_recompile pc=0x000001dae18c4c28 method=java.util.stream.Sink$ChainedReference.cancellationRequested()Z @ 4 c2
Event: 9.039 Thread 0x000001daf49d2040 DEOPT PACKING pc=0x000001dae18c4c28 sp=0x000000d0e74fef60
Event: 9.039 Thread 0x000001daf49d2040 DEOPT UNPACKING pc=0x000001dae13f1702 sp=0x000000d0e74feee8 mode 2
Event: 9.039 Thread 0x000001daf49d2040 Uncommon trap: trap_request=0xffffffc6 fr.pc=0x000001dae18c4c28 relative=0x00000000000000a8
Event: 9.039 Thread 0x000001daf49d2040 Uncommon trap: reason=bimorphic_or_optimized_type_check action=maybe_recompile pc=0x000001dae18c4c28 method=java.util.stream.Sink$ChainedReference.cancellationRequested()Z @ 4 c2
Event: 9.039 Thread 0x000001daf49d2040 DEOPT PACKING pc=0x000001dae18c4c28 sp=0x000000d0e74fef60
Event: 9.039 Thread 0x000001daf49d2040 DEOPT UNPACKING pc=0x000001dae13f1702 sp=0x000000d0e74feee8 mode 2
Event: 9.039 Thread 0x000001daf49d2040 Uncommon trap: trap_request=0xffffffc6 fr.pc=0x000001dae18c4c28 relative=0x00000000000000a8
Event: 9.039 Thread 0x000001daf49d2040 Uncommon trap: reason=bimorphic_or_optimized_type_check action=maybe_recompile pc=0x000001dae18c4c28 method=java.util.stream.Sink$ChainedReference.cancellationRequested()Z @ 4 c2
Event: 9.039 Thread 0x000001daf49d2040 DEOPT PACKING pc=0x000001dae18c4c28 sp=0x000000d0e74fef60
Event: 9.039 Thread 0x000001daf49d2040 DEOPT UNPACKING pc=0x000001dae13f1702 sp=0x000000d0e74feee8 mode 2
Event: 9.126 Thread 0x000001daee4af4f0 Uncommon trap: trap_request=0xffffffde fr.pc=0x000001dae18a7730 relative=0x0000000000000fb0
Event: 9.126 Thread 0x000001daee4af4f0 Uncommon trap: reason=class_check action=maybe_recompile pc=0x000001dae18a7730 method=jdk.internal.loader.URLClassPath.getLoader(I)Ljdk/internal/loader/URLClassPath$Loader; @ 198 c2
Event: 9.126 Thread 0x000001daee4af4f0 DEOPT PACKING pc=0x000001dae18a7730 sp=0x000000d0e7bf9420
Event: 9.127 Thread 0x000001daee4af4f0 DEOPT UNPACKING pc=0x000001dae13f1702 sp=0x000000d0e7bf93f8 mode 2
Event: 9.137 Thread 0x000001daee4af4f0 Uncommon trap: trap_request=0xffffffc6 fr.pc=0x000001dae187a2e8 relative=0x00000000000002e8
Event: 9.137 Thread 0x000001daee4af4f0 Uncommon trap: reason=bimorphic_or_optimized_type_check action=maybe_recompile pc=0x000001dae187a2e8 method=java.util.regex.Pattern$Slice.match(Ljava/util/regex/Matcher;ILjava/lang/CharSequence;)Z @ 75 c2
Event: 9.137 Thread 0x000001daee4af4f0 DEOPT PACKING pc=0x000001dae187a2e8 sp=0x000000d0e7bf8810
Event: 9.137 Thread 0x000001daee4af4f0 DEOPT UNPACKING pc=0x000001dae13f1702 sp=0x000000d0e7bf8790 mode 2

Classes loaded (20 events):
Event: 8.777 Loading class java/util/function/BooleanSupplier
Event: 8.777 Loading class java/util/function/BooleanSupplier done
Event: 8.778 Loading class jdk/internal/jimage/ImageReader$Resource
Event: 8.778 Loading class jdk/internal/jimage/ImageReader$Resource done
Event: 8.879 Loading class java/util/WeakHashMap$KeyIterator
Event: 8.880 Loading class java/util/WeakHashMap$HashIterator
Event: 8.880 Loading class java/util/WeakHashMap$HashIterator done
Event: 8.880 Loading class java/util/WeakHashMap$KeyIterator done
Event: 9.137 Loading class sun/reflect/generics/tree/IntSignature
Event: 9.137 Loading class sun/reflect/generics/tree/IntSignature done
Event: 9.137 Loading class sun/reflect/generics/tree/ArrayTypeSignature
Event: 9.137 Loading class sun/reflect/generics/tree/ArrayTypeSignature done
Event: 9.142 Loading class com/sun/beans/finder/MethodFinder
Event: 9.143 Loading class com/sun/beans/finder/AbstractFinder
Event: 9.143 Loading class com/sun/beans/finder/AbstractFinder done
Event: 9.143 Loading class com/sun/beans/finder/MethodFinder done
Event: 9.143 Loading class com/sun/beans/finder/MethodFinder$1
Event: 9.144 Loading class com/sun/beans/finder/MethodFinder$1 done
Event: 9.144 Loading class com/sun/beans/finder/FinderUtils
Event: 9.144 Loading class com/sun/beans/finder/FinderUtils done

Classes unloaded (0 events):
No events

Classes redefined (0 events):
No events

Internal exceptions (20 events):
Event: 8.887 Thread 0x000001daee4af4f0 Exception <a 'java/lang/ClassNotFoundException'{0x0000000084af0e08}: groovy/lang/BindingCustomizer> (0x0000000084af0e08) 
thrown [s\src\hotspot\share\classfile\systemDictionary.cpp, line 327]
Event: 8.903 Thread 0x000001daee4af4f0 Exception <a 'java/lang/ClassNotFoundException'{0x00000000848355e0}: init_7r401ildam0k6m6fuvdg6wm92BeanInfo> (0x00000000848355e0) 
thrown [s\src\hotspot\share\classfile\systemDictionary.cpp, line 327]
Event: 8.904 Thread 0x000001daee4af4f0 Exception <a 'java/lang/ClassNotFoundException'{0x000000008483e2c8}: org/gradle/initialization/InitScriptBeanInfo> (0x000000008483e2c8) 
thrown [s\src\hotspot\share\classfile\systemDictionary.cpp, line 327]
Event: 8.904 Thread 0x000001daee4af4f0 Exception <a 'java/lang/ClassNotFoundException'{0x0000000084846ff0}: org/gradle/groovy/scripts/DefaultScriptBeanInfo> (0x0000000084846ff0) 
thrown [s\src\hotspot\share\classfile\systemDictionary.cpp, line 327]
Event: 8.904 Thread 0x000001daee4af4f0 Exception <a 'java/lang/ClassNotFoundException'{0x000000008484fd18}: org/gradle/groovy/scripts/BasicScriptBeanInfo> (0x000000008484fd18) 
thrown [s\src\hotspot\share\classfile\systemDictionary.cpp, line 327]
Event: 8.905 Thread 0x000001daee4af4f0 Exception <a 'java/lang/ClassNotFoundException'{0x0000000084859750}: org/gradle/groovy/scripts/ScriptBeanInfo> (0x0000000084859750) 
thrown [s\src\hotspot\share\classfile\systemDictionary.cpp, line 327]
Event: 8.905 Thread 0x000001daee4af4f0 Exception <a 'java/lang/ClassNotFoundException'{0x0000000084863390}: groovy/lang/ScriptBeanInfo> (0x0000000084863390) 
thrown [s\src\hotspot\share\classfile\systemDictionary.cpp, line 327]
Event: 8.906 Thread 0x000001daee4af4f0 Exception <a 'java/lang/ClassNotFoundException'{0x000000008486d270}: groovy/lang/ScriptCustomizer> (0x000000008486d270) 
thrown [s\src\hotspot\share\classfile\systemDictionary.cpp, line 327]
Event: 8.907 Thread 0x000001daee4af4f0 Exception <a 'java/lang/ClassNotFoundException'{0x000000008487e4a8}: org/gradle/groovy/scripts/ScriptCustomizer> (0x000000008487e4a8) 
thrown [s\src\hotspot\share\classfile\systemDictionary.cpp, line 327]
Event: 8.908 Thread 0x000001daee4af4f0 Exception <a 'java/lang/ClassNotFoundException'{0x000000008488df30}: org/gradle/groovy/scripts/BasicScriptCustomizer> (0x000000008488df30) 
thrown [s\src\hotspot\share\classfile\systemDictionary.cpp, line 327]
Event: 8.910 Thread 0x000001daee4af4f0 Exception <a 'java/lang/ClassNotFoundException'{0x00000000848a3d28}: org/gradle/groovy/scripts/DefaultScriptCustomizer> (0x00000000848a3d28) 
thrown [s\src\hotspot\share\classfile\systemDictionary.cpp, line 327]
Event: 8.929 Thread 0x000001daee4af4f0 Exception <a 'java/lang/ClassNotFoundException'{0x00000000fff260e0}: org/gradle/initialization/InitScriptCustomizer> (0x00000000fff260e0) 
thrown [s\src\hotspot\share\classfile\systemDictionary.cpp, line 327]
Event: 8.931 Thread 0x000001daee4af4f0 Exception <a 'java/lang/ClassNotFoundException'{0x00000000fff34af8}: init_7r401ildam0k6m6fuvdg6wm92Customizer> (0x00000000fff34af8) 
thrown [s\src\hotspot\share\classfile\systemDictionary.cpp, line 327]
Event: 8.989 Thread 0x000001daee4af4f0 Exception <a 'java/lang/ClassNotFoundException'{0x0000000087b20228}: org/gradle/internal/extensibility/DefaultExtraPropertiesExtensionBeanInfo> (0x0000000087b20228) 
thrown [s\src\hotspot\share\classfile\systemDictionary.cpp, line 327]
Event: 8.990 Thread 0x000001daee4af4f0 Exception <a 'java/lang/ClassNotFoundException'{0x0000000087b290c0}: org/gradle/internal/extensibility/DefaultExtraPropertiesExtensionCustomizer> (0x0000000087b290c0) 
thrown [s\src\hotspot\share\classfile\systemDictionary.cpp, line 327]
Event: 9.041 Thread 0x000001daee4af4f0 Exception <a 'java/lang/NoSuchMethodError'{0x0000000085b98f28}: 'java.lang.Object java.lang.invoke.DirectMethodHandle$Holder.invokeSpecialIFC(java.lang.Object, java.lang.Object, java.lang.Object, java.lang.Object)'> (0x0000000085b98f28) 
thrown [s\src\hotspot\share\interpreter\linkResolver.cpp, line 804]
Event: 9.134 Thread 0x000001daee4af4f0 Exception <a 'java/lang/ClassNotFoundException'{0x000000008567cd58}: groovy/lang/Closure$1BeanInfo> (0x000000008567cd58) 
thrown [s\src\hotspot\share\classfile\systemDictionary.cpp, line 327]
Event: 9.135 Thread 0x000001daee4af4f0 Exception <a 'java/lang/ClassNotFoundException'{0x000000008568aaf0}: groovy/lang/ClosureBeanInfo> (0x000000008568aaf0) 
thrown [s\src\hotspot\share\classfile\systemDictionary.cpp, line 327]
Event: 9.136 Thread 0x000001daee4af4f0 Exception <a 'java/lang/ClassNotFoundException'{0x0000000085698548}: groovy/lang/ClosureCustomizer> (0x0000000085698548) 
thrown [s\src\hotspot\share\classfile\systemDictionary.cpp, line 327]
Event: 9.142 Thread 0x000001daee4af4f0 Exception <a 'java/lang/ClassNotFoundException'{0x00000000856ca4b8}: groovy/lang/Closure$1Customizer> (0x00000000856ca4b8) 
thrown [s\src\hotspot\share\classfile\systemDictionary.cpp, line 327]

VM Operations (20 events):
Event: 7.133 Executing non-safepoint VM operation: HandshakeAllThreads (Deoptimize)
Event: 7.133 Executing non-safepoint VM operation: HandshakeAllThreads (Deoptimize) done
Event: 8.475 Executing non-safepoint VM operation: HandshakeAllThreads (Deoptimize)
Event: 8.475 Executing non-safepoint VM operation: HandshakeAllThreads (Deoptimize) done
Event: 8.565 Executing non-safepoint VM operation: HandshakeAllThreads (Deoptimize)
Event: 8.565 Executing non-safepoint VM operation: HandshakeAllThreads (Deoptimize) done
Event: 8.685 Executing non-safepoint VM operation: HandshakeAllThreads (Deoptimize)
Event: 8.685 Executing non-safepoint VM operation: HandshakeAllThreads (Deoptimize) done
Event: 8.714 Executing non-safepoint VM operation: HandshakeAllThreads (Deoptimize)
Event: 8.714 Executing non-safepoint VM operation: HandshakeAllThreads (Deoptimize) done
Event: 8.752 Executing safepoint VM operation: CollectForMetadataAllocation (Metadata GC Threshold)
Event: 8.760 Executing safepoint VM operation: CollectForMetadataAllocation (Metadata GC Threshold) done
Event: 8.775 Executing non-safepoint VM operation: HandshakeAllThreads (Deoptimize)
Event: 8.775 Executing non-safepoint VM operation: HandshakeAllThreads (Deoptimize) done
Event: 8.913 Executing safepoint VM operation: CollectForMetadataAllocation (Metadata GC Threshold)
Event: 8.920 Executing safepoint VM operation: CollectForMetadataAllocation (Metadata GC Threshold) done
Event: 8.960 Executing safepoint VM operation: G1PauseRemark
Event: 8.965 Executing safepoint VM operation: G1PauseRemark done
Event: 8.982 Executing safepoint VM operation: G1PauseCleanup
Event: 8.982 Executing safepoint VM operation: G1PauseCleanup done

Memory protections (0 events):
No events

Nmethod flushes (20 events):
Event: 8.964 Thread 0x000001daee455e80 flushing  nmethod 0x000001dad9eab488
Event: 8.964 Thread 0x000001daee455e80 flushing  nmethod 0x000001dad9f0e888
Event: 8.964 Thread 0x000001daee455e80 flushing  nmethod 0x000001dad9f11808
Event: 8.964 Thread 0x000001daee455e80 flushing  nmethod 0x000001dad9f14f08
Event: 8.964 Thread 0x000001daee455e80 flushing  nmethod 0x000001dad9f15208
Event: 8.964 Thread 0x000001daee455e80 flushing  nmethod 0x000001dad9f61b88
Event: 8.964 Thread 0x000001daee455e80 flushing  nmethod 0x000001dad9f62708
Event: 8.964 Thread 0x000001daee455e80 flushing  nmethod 0x000001dad9f87708
Event: 8.964 Thread 0x000001daee455e80 flushing  nmethod 0x000001dad9f88208
Event: 8.964 Thread 0x000001daee455e80 flushing  nmethod 0x000001dad9f88688
Event: 8.964 Thread 0x000001daee455e80 flushing  nmethod 0x000001dad9f88988
Event: 8.964 Thread 0x000001daee455e80 flushing  nmethod 0x000001dad9f94208
Event: 8.964 Thread 0x000001daee455e80 flushing  nmethod 0x000001dad9fc0808
Event: 8.964 Thread 0x000001daee455e80 flushing  nmethod 0x000001dad9fc1408
Event: 8.964 Thread 0x000001daee455e80 flushing  nmethod 0x000001dada036808
Event: 8.964 Thread 0x000001daee455e80 flushing  nmethod 0x000001dada07f108
Event: 8.964 Thread 0x000001daee455e80 flushing  nmethod 0x000001dada07f788
Event: 8.964 Thread 0x000001daee455e80 flushing  nmethod 0x000001dada080288
Event: 8.964 Thread 0x000001daee455e80 flushing  nmethod 0x000001dada081e08
Event: 8.964 Thread 0x000001daee455e80 flushing  nmethod 0x000001dada185308

Events (20 events):
Event: 4.100 Thread 0x000001daee475410 Thread added: 0x000001daf49de460
Event: 4.265 Thread 0x000001daf49de460 Thread exited: 0x000001daf49de460
Event: 4.480 Thread 0x000001daee4af4f0 Thread added: 0x000001daf4e0c8c0
Event: 4.490 Thread 0x000001daee4af4f0 Thread added: 0x000001daf4e099e0
Event: 4.534 Thread 0x000001daee4af4f0 Thread added: 0x000001daf4e0f7a0
Event: 4.719 Thread 0x000001daee475410 Thread added: 0x000001daf49dec70
Event: 4.772 Thread 0x000001daee475410 Thread added: 0x000001daf49df480
Event: 5.763 Thread 0x000001daee4af4f0 Thread added: 0x000001daf4d22db0
Event: 5.785 Thread 0x000001daee4af4f0 Thread added: 0x000001daf4d21e10
Event: 6.195 Thread 0x000001daee4af4f0 Thread added: 0x000001daf4d283a0
Event: 6.205 Thread 0x000001daee4af4f0 Thread added: 0x000001daf4d26c30
Event: 6.307 Thread 0x000001daee4af4f0 Thread added: 0x000001daf78ef300
Event: 6.307 Thread 0x000001daee4af4f0 Thread added: 0x000001daf78f0a70
Event: 6.307 Thread 0x000001daee4af4f0 Thread added: 0x000001daf78f02a0
Event: 6.783 Thread 0x000001daf49df480 Thread exited: 0x000001daf49df480
Event: 7.019 Thread 0x000001daee4af4f0 Thread added: 0x000001daf78ee360
Event: 7.098 Thread 0x000001daee4af4f0 Thread added: 0x000001daf78eeb30
Event: 8.405 Thread 0x000001daee4703e0 Thread added: 0x000001daf38c5670
Event: 9.020 Thread 0x000001daee4af4f0 Thread added: 0x000001daf78f4120
Event: 9.074 Thread 0x000001daee4af4f0 Thread added: 0x000001daf4d23580


Dynamic libraries:
0x00007ff6ec650000 - 0x00007ff6ec65e000 	C:\Program Files\Eclipse Adoptium\jdk-25.0.1.8-hotspot\bin\java.exe
0x00007ffa32540000 - 0x00007ffa327a7000 	C:\WINDOWS\SYSTEM32\ntdll.dll
0x00007ffa31640000 - 0x00007ffa31709000 	C:\WINDOWS\System32\KERNEL32.DLL
0x00007ffa2f270000 - 0x00007ffa2f661000 	C:\WINDOWS\System32\KERNELBASE.dll
0x00007ffa2eed0000 - 0x00007ffa2f01b000 	C:\WINDOWS\System32\ucrtbase.dll
0x00007ffa2a070000 - 0x00007ffa2a08e000 	C:\Program Files\Eclipse Adoptium\jdk-25.0.1.8-hotspot\bin\VCRUNTIME140.dll
0x00007ffa2a010000 - 0x00007ffa2a026000 	C:\Program Files\Eclipse Adoptium\jdk-25.0.1.8-hotspot\bin\jli.dll
0x00007ffa31e50000 - 0x00007ffa32015000 	C:\WINDOWS\System32\USER32.dll
0x00007ffa129c0000 - 0x00007ffa12c53000 	C:\WINDOWS\WinSxS\amd64_microsoft.windows.common-controls_6595b64144ccf1df_6.0.26100.8037_none_3e092faae333b53b\COMCTL32.dll
0x00007ffa2f020000 - 0x00007ffa2f047000 	C:\WINDOWS\System32\win32u.dll
0x00007ffa32020000 - 0x00007ffa320c9000 	C:\WINDOWS\System32\msvcrt.dll
0x00007ffa31ac0000 - 0x00007ffa31aeb000 	C:\WINDOWS\System32\GDI32.dll
0x00007ffa2ffa0000 - 0x00007ffa300cb000 	C:\WINDOWS\System32\gdi32full.dll
0x00007ffa2f050000 - 0x00007ffa2f0f3000 	C:\WINDOWS\System32\msvcp_win.dll
0x00007ffa324c0000 - 0x00007ffa324f1000 	C:\WINDOWS\System32\IMM32.DLL
0x00007ffa2a000000 - 0x00007ffa2a00c000 	C:\Program Files\Eclipse Adoptium\jdk-25.0.1.8-hotspot\bin\vcruntime140_1.dll
0x00007ffa209b0000 - 0x00007ffa20a3d000 	C:\Program Files\Eclipse Adoptium\jdk-25.0.1.8-hotspot\bin\msvcp140.dll
0x00007ff986770000 - 0x00007ff987696000 	C:\Program Files\Eclipse Adoptium\jdk-25.0.1.8-hotspot\bin\server\jvm.dll
0x00007ffa31820000 - 0x00007ffa318db000 	C:\WINDOWS\System32\ADVAPI32.dll
0x00007ffa32230000 - 0x00007ffa322d7000 	C:\WINDOWS\System32\sechost.dll
0x00007ffa31c30000 - 0x00007ffa31d48000 	C:\WINDOWS\System32\RPCRT4.dll
0x00007ffa31470000 - 0x00007ffa314e4000 	C:\WINDOWS\System32\WS2_32.dll
0x00007ffa2ec80000 - 0x00007ffa2ecde000 	C:\WINDOWS\SYSTEM32\POWRPROF.dll
0x00007ffa27310000 - 0x00007ffa27345000 	C:\WINDOWS\SYSTEM32\WINMM.dll
0x00007ffa1db00000 - 0x00007ffa1db0b000 	C:\WINDOWS\SYSTEM32\VERSION.dll
0x00007ffa2ec60000 - 0x00007ffa2ec74000 	C:\WINDOWS\SYSTEM32\UMPDC.dll
0x00007ffa2dbb0000 - 0x00007ffa2dbcb000 	C:\WINDOWS\SYSTEM32\kernel.appcore.dll
0x00007ffa29fc0000 - 0x00007ffa29fca000 	C:\Program Files\Eclipse Adoptium\jdk-25.0.1.8-hotspot\bin\jimage.dll
0x00007ffa2cbd0000 - 0x00007ffa2ce12000 	C:\WINDOWS\SYSTEM32\DBGHELP.DLL
0x00007ffa31080000 - 0x00007ffa31402000 	C:\WINDOWS\System32\combase.dll
0x00007ffa319e0000 - 0x00007ffa31ab7000 	C:\WINDOWS\System32\OLEAUT32.dll
0x00007ffa0be60000 - 0x00007ffa0be9b000 	C:\WINDOWS\SYSTEM32\dbgcore.DLL
0x00007ffa2ee20000 - 0x00007ffa2eec5000 	C:\WINDOWS\System32\bcryptPrimitives.dll
0x00007ffa29fb0000 - 0x00007ffa29fbf000 	C:\Program Files\Eclipse Adoptium\jdk-25.0.1.8-hotspot\bin\instrument.dll
0x00007ffa29f90000 - 0x00007ffa29fae000 	C:\Program Files\Eclipse Adoptium\jdk-25.0.1.8-hotspot\bin\java.dll
0x00007ffa30ee0000 - 0x00007ffa31075000 	C:\WINDOWS\System32\ole32.dll
0x00007ffa302e0000 - 0x00007ffa30a3f000 	C:\WINDOWS\System32\SHELL32.dll
0x00007ffa2f100000 - 0x00007ffa2f26a000 	C:\WINDOWS\System32\wintypes.dll
0x00007ffa2f670000 - 0x00007ffa2fed4000 	C:\WINDOWS\System32\windows.storage.dll
0x00007ffa31d50000 - 0x00007ffa31e47000 	C:\WINDOWS\System32\SHCORE.dll
0x00007ffa318e0000 - 0x00007ffa31947000 	C:\WINDOWS\System32\shlwapi.dll
0x00007ffa2ed40000 - 0x00007ffa2ed69000 	C:\WINDOWS\SYSTEM32\profapi.dll
0x00007ffa29ee0000 - 0x00007ffa29ef7000 	C:\Program Files\Eclipse Adoptium\jdk-25.0.1.8-hotspot\bin\zip.dll
0x00007ffa20bf0000 - 0x00007ffa20c01000 	C:\Program Files\Eclipse Adoptium\jdk-25.0.1.8-hotspot\bin\net.dll
0x00007ffa2e120000 - 0x00007ffa2e18b000 	C:\WINDOWS\system32\mswsock.dll
0x00007ffa20bd0000 - 0x00007ffa20be6000 	C:\Program Files\Eclipse Adoptium\jdk-25.0.1.8-hotspot\bin\nio.dll
0x00007ffa29ec0000 - 0x00007ffa29ed0000 	C:\Program Files\Eclipse Adoptium\jdk-25.0.1.8-hotspot\bin\verify.dll
0x00007ffa29fd0000 - 0x00007ffa29ff7000 	C:\Users\bevan\.gradle\native\1def1411415f61bf3af743bc5b6707747c0891f09f0c88961ee8f79bc544acac\windows-amd64\native-platform.dll
0x00007ffa207b0000 - 0x00007ffa20828000 	C:\Users\bevan\.gradle\native\0.2.7\x86_64-windows-gnu\gradle-fileevents.dll
0x00007ffa29cb0000 - 0x00007ffa29cba000 	C:\Program Files\Eclipse Adoptium\jdk-25.0.1.8-hotspot\bin\management.dll
0x00007ffa20bc0000 - 0x00007ffa20bcc000 	C:\Program Files\Eclipse Adoptium\jdk-25.0.1.8-hotspot\bin\management_ext.dll
0x00007ffa319d0000 - 0x00007ffa319d8000 	C:\WINDOWS\System32\PSAPI.DLL
0x00007ffa2d5f0000 - 0x00007ffa2d623000 	C:\WINDOWS\SYSTEM32\IPHLPAPI.DLL
0x00007ffa31810000 - 0x00007ffa3181a000 	C:\WINDOWS\System32\NSI.dll
0x00007ffa20b60000 - 0x00007ffa20b69000 	C:\Program Files\Eclipse Adoptium\jdk-25.0.1.8-hotspot\bin\extnet.dll
0x00007ffa2e400000 - 0x00007ffa2e41b000 	C:\WINDOWS\SYSTEM32\CRYPTSP.dll
0x00007ffa2db10000 - 0x00007ffa2db49000 	C:\WINDOWS\system32\rsaenh.dll
0x00007ffa2e1d0000 - 0x00007ffa2e202000 	C:\WINDOWS\SYSTEM32\USERENV.dll
0x00007ffa2ed10000 - 0x00007ffa2ed3a000 	C:\WINDOWS\SYSTEM32\bcrypt.dll
0x00007ffa2e420000 - 0x00007ffa2e42c000 	C:\WINDOWS\SYSTEM32\CRYPTBASE.dll
0x00007ffa20b50000 - 0x00007ffa20b5e000 	C:\Program Files\Eclipse Adoptium\jdk-25.0.1.8-hotspot\bin\sunmscapi.dll
0x00007ffa300d0000 - 0x00007ffa30247000 	C:\WINDOWS\System32\CRYPT32.dll
0x00007ffa2e620000 - 0x00007ffa2e650000 	C:\WINDOWS\SYSTEM32\ncrypt.dll
0x00007ffa2e5d0000 - 0x00007ffa2e60f000 	C:\WINDOWS\SYSTEM32\NTASN1.dll
0x00007ffa0ddd0000 - 0x00007ffa0ddd8000 	C:\WINDOWS\system32\wshunix.dll

JVMTI agents:
C:\Users\bevan\.gradle\wrapper\dists\gradle-8.14-all\c2qonpi39x1mddn7hk5gh9iqj\gradle-8.14\lib\agents\gradle-instrumentation-agent-8.14.jar path:C:\Program Files\Eclipse Adoptium\jdk-25.0.1.8-hotspot\bin\instrument.dll, loaded, initialized, instrumentlib options:none

dbghelp: loaded successfully - version: 4.0.5 - missing functions: none
symbol engine: initialized successfully - sym options: 0x614 - pdb path: .;C:\Program Files\Eclipse Adoptium\jdk-25.0.1.8-hotspot\bin;C:\WINDOWS\SYSTEM32;C:\WINDOWS\WinSxS\amd64_microsoft.windows.common-controls_6595b64144ccf1df_6.0.26100.8037_none_3e092faae333b53b;C:\Program Files\Eclipse Adoptium\jdk-25.0.1.8-hotspot\bin\server;C:\Users\bevan\.gradle\native\1def1411415f61bf3af743bc5b6707747c0891f09f0c88961ee8f79bc544acac\windows-amd64;C:\Users\bevan\.gradle\native\0.2.7\x86_64-windows-gnu

VM Arguments:
jvm_args: --add-opens=java.base/java.lang=ALL-UNNAMED --add-opens=java.base/java.lang.invoke=ALL-UNNAMED --add-opens=java.base/java.util=ALL-UNNAMED --add-opens=java.prefs/java.util.prefs=ALL-UNNAMED --add-exports=jdk.compiler/com.sun.tools.javac.api=ALL-UNNAMED --add-exports=jdk.compiler/com.sun.tools.javac.util=ALL-UNNAMED --add-opens=java.base/java.util=ALL-UNNAMED --add-opens=java.prefs/java.util.prefs=ALL-UNNAMED --add-opens=java.base/java.nio.charset=ALL-UNNAMED --add-opens=java.base/java.net=ALL-UNNAMED --add-opens=java.base/java.util.concurrent.atomic=ALL-UNNAMED --add-opens=java.xml/javax.xml.namespace=ALL-UNNAMED --enable-native-access=ALL-UNNAMED -Xmx2048M -Dfile.encoding=UTF-8 -Duser.country=US -Duser.language=en -Duser.variant -javaagent:C:\Users\bevan\.gradle\wrapper\dists\gradle-8.14-all\c2qonpi39x1mddn7hk5gh9iqj\gradle-8.14\lib\agents\gradle-instrumentation-agent-8.14.jar 
java_command: org.gradle.launcher.daemon.bootstrap.GradleDaemon 8.14
java_class_path (initial): C:\Users\bevan\.gradle\wrapper\dists\gradle-8.14-all\c2qonpi39x1mddn7hk5gh9iqj\gradle-8.14\lib\gradle-daemon-main-8.14.jar
Launcher Type: SUN_STANDARD

[Global flags]
     intx CICompilerCount                          = 4                                         {product} {ergonomic}
     uint ConcGCThreads                            = 2                                         {product} {ergonomic}
     uint G1ConcRefinementThreads                  = 8                                         {product} {ergonomic}
   size_t G1HeapRegionSize                         = 1048576                                   {product} {ergonomic}
   size_t InitialHeapSize                          = 130023424                                 {product} {ergonomic}
   size_t MarkStackSize                            = 4194304                                   {product} {ergonomic}
   size_t MarkStackSizeMax                         = 536870912                                 {product} {ergonomic}
   size_t MaxHeapSize                              = 2147483648                                {product} {command line}
   size_t MaxNewSize                               = 1287651328                                {product} {ergonomic}
   size_t MinHeapDeltaBytes                        = 1048576                                   {product} {ergonomic}
   size_t MinHeapSize                              = 8388608                                   {product} {ergonomic}
    uintx NonNMethodCodeHeapSize                   = 5832704                                {pd product} {ergonomic}
    uintx NonProfiledCodeHeapSize                  = 122945536                              {pd product} {ergonomic}
    uintx ProfiledCodeHeapSize                     = 122880000                              {pd product} {ergonomic}
    uintx ReservedCodeCacheSize                    = 251658240                              {pd product} {ergonomic}
     bool SegmentedCodeCache                       = true                                      {product} {ergonomic}
   size_t SoftMaxHeapSize                          = 2147483648                             {manageable} {ergonomic}
     bool UseCompressedOops                        = true                           {product lp64_product} {ergonomic}
     bool UseG1GC                                  = true                                      {product} {ergonomic}
     bool UseLargePagesIndividualAllocation        = false                                  {pd product} {ergonomic}

Logging:
Log output configuration:
 #0: stdout all=warning uptime,level,tags foldmultilines=false
 #1: stderr all=off uptime,level,tags foldmultilines=false

Release file:
IMPLEMENTOR="Eclipse Adoptium" 
IMPLEMENTOR_VERSION="Temurin-25.0.1+8" 
JAVA_RUNTIME_VERSION="25.0.1+8-LTS" 
JAVA_VERSION="25.0.1" 
JAVA_VERSION_DATE="2025-10-21" 
LIBC="default" 
MODULES="java.base java.compiler java.datatransfer java.xml java.prefs java.desktop java.instrument java.logging java.management java.security.sasl java.naming java.rmi java.management.rmi java.net.http java.scripting java.security.jgss java.transaction.xa java.sql java.sql.rowset java.xml.crypto java.se java.smartcardio jdk.accessibility jdk.internal.jvmstat jdk.attach jdk.charsets jdk.internal.opt jdk.zipfs jdk.compiler jdk.crypto.cryptoki jdk.crypto.ec jdk.crypto.mscapi jdk.dynalink jdk.internal.ed jdk.editpad jdk.internal.vm.ci jdk.graal.compiler jdk.graal.compiler.management jdk.hotspot.agent jdk.httpserver jdk.incubator.vector jdk.internal.le jdk.internal.md jdk.jartool jdk.javadoc jdk.jcmd jdk.management jdk.management.agent jdk.jconsole jdk.jdeps jdk.jdwp.agent jdk.jdi jdk.jfr jdk.jlink jdk.jpackage jdk.jshell jdk.jsobject jdk.jstatd jdk.localedata jdk.management.jfr jdk.naming.dns jdk.naming.rmi jdk.net jdk.nio.mapmode jdk.sctp jdk.security.auth jdk.security.jgss jdk.unsupported jdk.unsupported.desktop jdk.xml.dom" 
OS_ARCH="x86_64" 
OS_NAME="Windows" 
SOURCE=".:git:61d6a2c1b35e" 
BUILD_SOURCE="git:839fa0b45d809157cffd3dc8515aad262a4a1776"
BUILD_SOURCE_REPO="https://github.com/adoptium/temurin-build.git"
SOURCE_REPO="https://github.com/adoptium/jdk25u.git"
FULL_VERSION="25.0.1+8-LTS"
SEMANTIC_VERSION="25.0.1+8"
BUILD_INFO="OS: Windows Server 2022 Version: 10.0"
JVM_VARIANT="Hotspot"
JVM_VERSION="25.0.1+8-LTS"
IMAGE_TYPE="JDK"

Environment Variables:
PATH=C:\Program Files\Eclipse Adoptium\jdk-25.0.1.8-hotspot\bin;C:\WINDOWS\system32;C:\WINDOWS;C:\WINDOWS\System32\Wbem;C:\WINDOWS\System32\WindowsPowerShell\v1.0\;C:\WINDOWS\System32\OpenSSH\;C:\Program Files (x86)\BaseX\bin;C:\Program Files\nodejs\;C:\Program Files\Git\cmd;C:\Program Files (x86)\Windows Kits\10\Windows Performance Toolkit\;C:\Users\bevan\AppData\Local\Microsoft\WindowsApps;C:\Users\bevan\AppData\Local\Programs\Microsoft VS Code\bin;C:\Users\bevan\AppData\Roaming\npm;C:\Users\bevan\AppData\Local\Programs\Antigravity\bin;C:\Users\bevan\AppData\Local\GitHubDesktop\bin;C:\Users\bevan\flutter sdk\flutter\bin
USERNAME=bevan
OS=Windows_NT
PROCESSOR_IDENTIFIER=Intel64 Family 6 Model 140 Stepping 1, GenuineIntel
TMP=C:\Users\bevan\AppData\Local\Temp
TEMP=C:\Users\bevan\AppData\Local\Temp




Compilation memory statistics disabled.

Periodic native trim disabled

---------------  S Y S T E M  ---------------

OS:
 Windows 11 , 64 bit Build 26100 (10.0.26100.7920)
OS uptime: 2 days 16:50 hours
Hyper-V role detected

CPU: total 8 (initial active 8) (4 cores per cpu, 2 threads per core) family 6 model 140 stepping 1 microcode 0xbc, cx8, cmov, fxsr, ht, mmx, 3dnowpref, sse, sse2, sse3, ssse3, sse4.1, sse4.2, popcnt, lzcnt, tsc, tscinvbit, avx, avx2, aes, erms, clmul, bmi1, bmi2, adx, avx512f, avx512dq, avx512cd, avx512bw, avx512vl, sha, fma, vzeroupper, avx512_vpopcntdq, avx512_vpclmulqdq, avx512_vaes, avx512_vnni, clflush, clflushopt, clwb, avx512_vbmi2, avx512_vbmi, hv, rdtscp, rdpid, fsrm, gfni, avx512_bitalg, f16c, cet_ibt, cet_ss, avx512_ifma
Processor Information for the first 8 processors :
  Max Mhz: 2419, Current Mhz: 2419, Mhz Limit: 2419

Memory: 4k page, system-wide physical 7932M (1265M free)
TotalPageFile size 16124M (AvailPageFile size 925M)
current process WorkingSet (physical memory assigned to process): 267M, peak: 267M
current process commit charge ("private bytes"): 306M, peak: 325M

vm_info: OpenJDK 64-Bit Server VM (25.0.1+8-LTS) for windows-amd64 JRE (25.0.1+8-LTS), built on 2025-10-21T00:00:00Z with unknown MS VC++:1942

END.
