#
# There is insufficient memory for the Java Runtime Environment to continue.
# Native memory allocation (malloc) failed to allocate 1087856 bytes. Error detail: Chunk::new
# Possible reasons:
#   The system is out of physical RAM or swap space
#   This process is running with CompressedOops enabled, and the Java Heap may be blocking the growth of the native heap
# Possible solutions:
#   Reduce memory load on the system
#   Increase physical memory or swap space
#   Check if swap backing store is full
#   Decrease Java heap size (-Xmx/-Xms)
#   Decrease number of Java threads
#   Decrease Java thread stack sizes (-Xss)
#   Set larger code cache with -XX:ReservedCodeCacheSize=
#   JVM is running with Unscaled Compressed Oops mode in which the Java heap is
#     placed in the first 4GB address space. The Java Heap base address is the
#     maximum limit for the native heap growth. Please use -XX:HeapBaseMinAddress
#     to set the Java Heap base and to place the Java Heap above 4GB virtual address.
# This output file may be truncated or incomplete.
#
#  Out of Memory Error (arena.cpp:168), pid=18216, tid=14352
#
# JRE version: OpenJDK Runtime Environment Temurin-21.0.10+7 (21.0.10+7) (build 21.0.10+7-LTS)
# Java VM: OpenJDK 64-Bit Server VM Temurin-21.0.10+7 (21.0.10+7-LTS, mixed mode, sharing, tiered, compressed oops, compressed class ptrs, parallel gc, windows-amd64)
# No core dump will be written. Minidumps are not enabled by default on client versions of Windows
#

---------------  S U M M A R Y ------------

Command Line: --add-modules=ALL-SYSTEM --add-opens=java.base/java.util=ALL-UNNAMED --add-opens=java.base/java.lang=ALL-UNNAMED --add-opens=java.base/sun.nio.fs=ALL-UNNAMED -Declipse.application=org.eclipse.jdt.ls.core.id1 -Dosgi.bundles.defaultStartLevel=4 -Declipse.product=org.eclipse.jdt.ls.core.product -Djava.import.generatesMetadataFilesAtProjectRoot=false -DDetectVMInstallationsJob.disabled=true -Dfile.encoding=utf8 -XX:+UseParallelGC -XX:GCTimeRatio=4 -XX:AdaptiveSizePolicyWeight=90 -Dsun.zip.disableMemoryMapping=true -Xmx2G -Xms100m -Xlog:disable -javaagent:c:\Users\bevan\.antigravity\extensions\redhat.java-1.53.0-win32-x64\lombok\lombok-1.18.39-4050.jar -XX:+HeapDumpOnOutOfMemoryError -XX:HeapDumpPath=c:\Users\bevan\AppData\Roaming\Antigravity\User\workspaceStorage\b9cd3eab833682dd8f2566eaee422e8b\redhat.java -Daether.dependencyCollector.impl=bf c:\Users\bevan\.antigravity\extensions\redhat.java-1.53.0-win32-x64\server\plugins\org.eclipse.equinox.launcher_1.7.100.v20251111-0406.jar -configuration c:\Users\bevan\AppData\Roaming\Antigravity\User\globalStorage\redhat.java\1.53.0\config_win -data c:\Users\bevan\AppData\Roaming\Antigravity\User\workspaceStorage\b9cd3eab833682dd8f2566eaee422e8b\redhat.java\jdt_ws --pipe=\\.\pipe\lsp-a7e06f8f569ee4bf1e302492c7cf27db-sock

Host: 11th Gen Intel(R) Core(TM) i5-1135G7 @ 2.40GHz, 8 cores, 7G,  Windows 11 , 64 bit Build 26100 (10.0.26100.7920)
Time: Mon Mar 16 14:01:55 2026 Sri Lanka Standard Time elapsed time: 349.449300 seconds (0d 0h 5m 49s)

---------------  T H R E A D  ---------------

Current thread (0x0000022bfc768c00):  JavaThread "C2 CompilerThread0" daemon [_thread_in_native, id=14352, stack(0x000000fa2bc00000,0x000000fa2bd00000) (1024K)]


Current CompileTask:
C2:349450 12463   !   4       org.eclipse.jdt.internal.core.search.indexing.BinaryIndexer::indexDocument (1172 bytes)

Stack: [0x000000fa2bc00000,0x000000fa2bd00000]
Native frames: (J=compiled Java code, j=interpreted, Vv=VM code, C=native code)
V  [jvm.dll+0x6d7a39]
V  [jvm.dll+0x8b4b26]
V  [jvm.dll+0x8b70de]
V  [jvm.dll+0x8b77c3]
V  [jvm.dll+0x284346]
V  [jvm.dll+0xc66ed]
V  [jvm.dll+0xc6c31]
V  [jvm.dll+0x3bec01]
V  [jvm.dll+0x38b162]
V  [jvm.dll+0x38a5aa]
V  [jvm.dll+0x24c560]
V  [jvm.dll+0x24bb40]
V  [jvm.dll+0x1cb34e]
V  [jvm.dll+0x25b85d]
V  [jvm.dll+0x259dea]
V  [jvm.dll+0x3f857e]
V  [jvm.dll+0x85f59d]
V  [jvm.dll+0x6d626d]
C  [ucrtbase.dll+0x37b0]
C  [KERNEL32.DLL+0x2e8d7]
C  [ntdll.dll+0x8c48c]


---------------  P R O C E S S  ---------------

Threads class SMR info:
_java_thread_list=0x0000022b84fde850, length=97, elements={
0x0000022ba33db240, 0x0000022bb9e4ba20, 0x0000022bb9e50680, 0x0000022bb9e58120,
0x0000022bb9e5b070, 0x0000022bb9e7c8a0, 0x0000022bb9e85cb0, 0x0000022bfc768c00,
0x0000022bfc76e5e0, 0x0000022bb9e86340, 0x0000022bb9e869d0, 0x0000022bb9e87060,
0x0000022bb9e84900, 0x0000022bb9e84f90, 0x0000022bb9e876f0, 0x0000022bb9e84270,
0x0000022bb9e85620, 0x0000022bfdc02870, 0x0000022bfdc01b50, 0x0000022bfdc014c0,
0x0000022bfdc04fd0, 0x0000022bfdc05660, 0x0000022bfdc042b0, 0x0000022bfdc05cf0,
0x0000022bfdc02f00, 0x0000022bfdc07dc0, 0x0000022bfdc06380, 0x0000022bfdc070a0,
0x0000022bfdc06a10, 0x0000022bfdc07730, 0x0000022bfdc08450, 0x0000022b84aab7c0,
0x0000022b84aac4e0, 0x0000022b84aacb70, 0x0000022b84aadf20, 0x0000022b84aaf960,
0x0000022b84aae5b0, 0x0000022b84ab0680, 0x0000022b84ab0d10, 0x0000022b84ab1a30,
0x0000022b84ab20c0, 0x0000022b84ab2750, 0x0000022b8565c460, 0x0000022b8565ff70,
0x0000022b8565d180, 0x0000022b8565e530, 0x0000022b8565caf0, 0x0000022b8565f250,
0x0000022b85660c90, 0x0000022b856619b0, 0x0000022b85662040, 0x0000022b8565ebc0,
0x0000022b856626d0, 0x0000022b85662d60, 0x0000022b85663a80, 0x0000022bfdc021e0,
0x0000022bfdc03590, 0x0000022bfdc04940, 0x0000022b84ab13a0, 0x0000022b8648f710,
0x0000022b8648f080, 0x0000022b8648d640, 0x0000022b8648e9f0, 0x0000022b8648c290,
0x0000022b8648dcd0, 0x0000022b8648fda0, 0x0000022b8648e360, 0x0000022b8648c920,
0x0000022b86491150, 0x0000022b864917e0, 0x0000022b86491e70, 0x0000022b86493220,
0x0000022b86492500, 0x0000022b86492b90, 0x0000022b862639b0, 0x0000022b86264040,
0x0000022b86264d60, 0x0000022b86262600, 0x0000022b86266110, 0x0000022b86262c90,
0x0000022b86269590, 0x0000022b86266e30, 0x0000022b862667a0, 0x0000022b86268f00,
0x0000022b86267b50, 0x0000022b862674c0, 0x0000022b86490ac0, 0x0000022b857049d0,
0x0000022b85702270, 0x0000022b85705060, 0x0000022b85705d80, 0x0000022b85702f90,
0x0000022b85703cb0, 0x0000022b85704340, 0x0000022b85703620, 0x0000022b85707130,
0x0000022b857056f0
}

Java Threads: ( => current thread )
  0x0000022ba33db240 JavaThread "main"                              [_thread_blocked, id=22748, stack(0x000000fa2b200000,0x000000fa2b300000) (1024K)]
  0x0000022bb9e4ba20 JavaThread "Reference Handler"          daemon [_thread_blocked, id=9744, stack(0x000000fa2b600000,0x000000fa2b700000) (1024K)]
  0x0000022bb9e50680 JavaThread "Finalizer"                  daemon [_thread_blocked, id=11652, stack(0x000000fa2b700000,0x000000fa2b800000) (1024K)]
  0x0000022bb9e58120 JavaThread "Signal Dispatcher"          daemon [_thread_blocked, id=17308, stack(0x000000fa2b800000,0x000000fa2b900000) (1024K)]
  0x0000022bb9e5b070 JavaThread "Attach Listener"            daemon [_thread_blocked, id=23268, stack(0x000000fa2b900000,0x000000fa2ba00000) (1024K)]
  0x0000022bb9e7c8a0 JavaThread "Service Thread"             daemon [_thread_blocked, id=18196, stack(0x000000fa2ba00000,0x000000fa2bb00000) (1024K)]
  0x0000022bb9e85cb0 JavaThread "Monitor Deflation Thread"   daemon [_thread_blocked, id=20976, stack(0x000000fa2bb00000,0x000000fa2bc00000) (1024K)]
=>0x0000022bfc768c00 JavaThread "C2 CompilerThread0"         daemon [_thread_in_native, id=14352, stack(0x000000fa2bc00000,0x000000fa2bd00000) (1024K)]
  0x0000022bfc76e5e0 JavaThread "C1 CompilerThread0"         daemon [_thread_blocked, id=16292, stack(0x000000fa2bd00000,0x000000fa2be00000) (1024K)]
  0x0000022bb9e86340 JavaThread "Common-Cleaner"             daemon [_thread_blocked, id=24564, stack(0x000000fa2be00000,0x000000fa2bf00000) (1024K)]
  0x0000022bb9e869d0 JavaThread "Notification Thread"        daemon [_thread_blocked, id=724, stack(0x000000fa2c000000,0x000000fa2c100000) (1024K)]
  0x0000022bb9e87060 JavaThread "Active Thread: Equinox Container: 461ae56d-00c7-49cb-b116-29a5e6ea0503"        [_thread_blocked, id=15216, stack(0x000000fa2c800000,0x000000fa2c900000) (1024K)]
  0x0000022bb9e84900 JavaThread "Refresh Thread: Equinox Container: 461ae56d-00c7-49cb-b116-29a5e6ea0503" daemon [_thread_blocked, id=23988, stack(0x000000fa2c100000,0x000000fa2c200000) (1024K)]
  0x0000022bb9e84f90 JavaThread "Framework Event Dispatcher: Equinox Container: 461ae56d-00c7-49cb-b116-29a5e6ea0503" daemon [_thread_blocked, id=24008, stack(0x000000fa2c900000,0x000000fa2ca00000) (1024K)]
  0x0000022bb9e876f0 JavaThread "Start Level: Equinox Container: 461ae56d-00c7-49cb-b116-29a5e6ea0503" daemon [_thread_blocked, id=24000, stack(0x000000fa2ca00000,0x000000fa2cb00000) (1024K)]
  0x0000022bb9e84270 JavaThread "Bundle File Closer"         daemon [_thread_blocked, id=21740, stack(0x000000fa2cc00000,0x000000fa2cd00000) (1024K)]
  0x0000022bb9e85620 JavaThread "SCR Component Actor"        daemon [_thread_blocked, id=23724, stack(0x000000fa2af00000,0x000000fa2b000000) (1024K)]
  0x0000022bfdc02870 JavaThread "Worker-JM"                         [_thread_blocked, id=1844, stack(0x000000fa2ce00000,0x000000fa2cf00000) (1024K)]
  0x0000022bfdc01b50 JavaThread "Worker-0"                          [_thread_blocked, id=13848, stack(0x000000fa2cb00000,0x000000fa2cc00000) (1024K)]
  0x0000022bfdc014c0 JavaThread "Worker-1"                          [_thread_blocked, id=24016, stack(0x000000fa2cd00000,0x000000fa2ce00000) (1024K)]
  0x0000022bfdc04fd0 JavaThread "Worker-3: Initialize workspace"        [_thread_blocked, id=16096, stack(0x000000fa2d100000,0x000000fa2d200000) (1024K)]
  0x0000022bfdc05660 JavaThread "Java indexing"              daemon [_thread_in_native, id=23612, stack(0x000000fa2d200000,0x000000fa2d300000) (1024K)]
  0x0000022bfdc042b0 JavaThread "JNA Cleaner"                daemon [_thread_blocked, id=23260, stack(0x000000fa2d400000,0x000000fa2d500000) (1024K)]
  0x0000022bfdc05cf0 JavaThread "Thread-1"                   daemon [_thread_in_native, id=22072, stack(0x000000fa2d900000,0x000000fa2da00000) (1024K)]
  0x0000022bfdc02f00 JavaThread "Thread-2"                   daemon [_thread_in_native, id=1984, stack(0x000000fa2da00000,0x000000fa2db00000) (1024K)]
  0x0000022bfdc07dc0 JavaThread "Thread-3"                   daemon [_thread_in_native, id=14652, stack(0x000000fa2db00000,0x000000fa2dc00000) (1024K)]
  0x0000022bfdc06380 JavaThread "Thread-4"                   daemon [_thread_in_native, id=11752, stack(0x000000fa2dc00000,0x000000fa2dd00000) (1024K)]
  0x0000022bfdc070a0 JavaThread "Thread-5"                   daemon [_thread_in_native, id=23912, stack(0x000000fa2dd00000,0x000000fa2de00000) (1024K)]
  0x0000022bfdc06a10 JavaThread "Thread-6"                   daemon [_thread_in_native, id=20044, stack(0x000000fa2de00000,0x000000fa2df00000) (1024K)]
  0x0000022bfdc07730 JavaThread "Thread-7"                   daemon [_thread_in_native, id=24244, stack(0x000000fa2df00000,0x000000fa2e000000) (1024K)]
  0x0000022bfdc08450 JavaThread "Thread-8"                   daemon [_thread_in_native, id=9792, stack(0x000000fa2e000000,0x000000fa2e100000) (1024K)]
  0x0000022b84aab7c0 JavaThread "Thread-9"                   daemon [_thread_in_native, id=24228, stack(0x000000fa2e100000,0x000000fa2e200000) (1024K)]
  0x0000022b84aac4e0 JavaThread "pool-2-thread-1"                   [_thread_blocked, id=19888, stack(0x000000fa2e200000,0x000000fa2e300000) (1024K)]
  0x0000022b84aacb70 JavaThread "WorkspaceEventsHandler"            [_thread_blocked, id=21512, stack(0x000000fa2e300000,0x000000fa2e400000) (1024K)]
  0x0000022b84aadf20 JavaThread "pool-1-thread-1"                   [_thread_blocked, id=17784, stack(0x000000fa2e400000,0x000000fa2e500000) (1024K)]
  0x0000022b84aaf960 JavaThread "Timer-0"                           [_thread_blocked, id=19320, stack(0x000000fa2cf00000,0x000000fa2d000000) (1024K)]
  0x0000022b84aae5b0 JavaThread "Timer-1"                           [_thread_blocked, id=23428, stack(0x000000fa2d300000,0x000000fa2d400000) (1024K)]
  0x0000022b84ab0680 JavaThread "Timer-2"                           [_thread_blocked, id=17064, stack(0x000000fa2e500000,0x000000fa2e600000) (1024K)]
  0x0000022b84ab0d10 JavaThread "LocalFile Deleter"          daemon [_thread_blocked, id=9972, stack(0x000000fa2e700000,0x000000fa2e800000) (1024K)]
  0x0000022b84ab1a30 JavaThread "LocalFile Deleter"          daemon [_thread_blocked, id=5968, stack(0x000000fa2ea00000,0x000000fa2eb00000) (1024K)]
  0x0000022b84ab20c0 JavaThread "LocalFile Deleter"          daemon [_thread_blocked, id=704, stack(0x000000fa2ec00000,0x000000fa2ed00000) (1024K)]
  0x0000022b84ab2750 JavaThread "Timer-3"                           [_thread_blocked, id=12848, stack(0x000000fa2ed00000,0x000000fa2ee00000) (1024K)]
  0x0000022b8565c460 JavaThread "Timer-4"                           [_thread_blocked, id=21768, stack(0x000000fa2ee00000,0x000000fa2ef00000) (1024K)]
  0x0000022b8565ff70 JavaThread "Timer-5"                           [_thread_blocked, id=23760, stack(0x000000fa2b100000,0x000000fa2b200000) (1024K)]
  0x0000022b8565d180 JavaThread "Timer-6"                           [_thread_blocked, id=23660, stack(0x000000fa2d500000,0x000000fa2d600000) (1024K)]
  0x0000022b8565e530 JavaThread "LocalFile Deleter"          daemon [_thread_blocked, id=19364, stack(0x000000fa2d600000,0x000000fa2d700000) (1024K)]
  0x0000022b8565caf0 JavaThread "LocalFile Deleter"          daemon [_thread_blocked, id=16588, stack(0x000000fa2d700000,0x000000fa2d800000) (1024K)]
  0x0000022b8565f250 JavaThread "LocalFile Deleter"          daemon [_thread_blocked, id=17368, stack(0x000000fa2d800000,0x000000fa2d900000) (1024K)]
  0x0000022b85660c90 JavaThread "Worker-6"                          [_thread_blocked, id=23564, stack(0x000000fa2d000000,0x000000fa2d100000) (1024K)]
  0x0000022b856619b0 JavaThread "Worker-7"                          [_thread_blocked, id=16076, stack(0x000000fa2e600000,0x000000fa2e700000) (1024K)]
  0x0000022b85662040 JavaThread "Worker-8"                          [_thread_blocked, id=17152, stack(0x000000fa2e800000,0x000000fa2e900000) (1024K)]
  0x0000022b8565ebc0 JavaThread "LocalFile Deleter"          daemon [_thread_blocked, id=11700, stack(0x000000fa2e900000,0x000000fa2ea00000) (1024K)]
  0x0000022b856626d0 JavaThread "LocalFile Deleter"          daemon [_thread_blocked, id=11640, stack(0x000000fa2eb00000,0x000000fa2ec00000) (1024K)]
  0x0000022b85662d60 JavaThread "Worker-9"                          [_thread_blocked, id=20364, stack(0x000000fa2f100000,0x000000fa2f200000) (1024K)]
  0x0000022b85663a80 JavaThread "Worker-10"                         [_thread_blocked, id=22192, stack(0x000000fa2f200000,0x000000fa2f300000) (1024K)]
  0x0000022bfdc021e0 JavaThread "Worker-11"                         [_thread_blocked, id=3292, stack(0x000000fa2f300000,0x000000fa2f400000) (1024K)]
  0x0000022bfdc03590 JavaThread "Worker-12"                         [_thread_blocked, id=17400, stack(0x000000fa2f400000,0x000000fa2f500000) (1024K)]
  0x0000022bfdc04940 JavaThread "Worker-13"                         [_thread_blocked, id=17424, stack(0x000000fa2f500000,0x000000fa2f600000) (1024K)]
  0x0000022b84ab13a0 JavaThread "Worker-14"                         [_thread_blocked, id=17332, stack(0x000000fa2f600000,0x000000fa2f700000) (1024K)]
  0x0000022b8648f710 JavaThread "Worker-15"                         [_thread_blocked, id=15268, stack(0x000000fa2f700000,0x000000fa2f800000) (1024K)]
  0x0000022b8648f080 JavaThread "Worker-16"                         [_thread_blocked, id=16988, stack(0x000000fa2f800000,0x000000fa2f900000) (1024K)]
  0x0000022b8648d640 JavaThread "Worker-17"                         [_thread_blocked, id=24384, stack(0x000000fa2f900000,0x000000fa2fa00000) (1024K)]
  0x0000022b8648e9f0 JavaThread "Worker-18"                         [_thread_blocked, id=2488, stack(0x000000fa2fa00000,0x000000fa2fb00000) (1024K)]
  0x0000022b8648c290 JavaThread "Worker-19"                         [_thread_blocked, id=2144, stack(0x000000fa2fb00000,0x000000fa2fc00000) (1024K)]
  0x0000022b8648dcd0 JavaThread "Worker-20"                         [_thread_blocked, id=20628, stack(0x000000fa2fc00000,0x000000fa2fd00000) (1024K)]
  0x0000022b8648fda0 JavaThread "Worker-21"                         [_thread_blocked, id=21100, stack(0x000000fa2fd00000,0x000000fa2fe00000) (1024K)]
  0x0000022b8648e360 JavaThread "Worker-22"                         [_thread_blocked, id=19680, stack(0x000000fa2fe00000,0x000000fa2ff00000) (1024K)]
  0x0000022b8648c920 JavaThread "Worker-23"                         [_thread_blocked, id=24080, stack(0x000000fa2ff00000,0x000000fa30000000) (1024K)]
  0x0000022b86491150 JavaThread "Worker-24"                         [_thread_blocked, id=21960, stack(0x000000fa30000000,0x000000fa30100000) (1024K)]
  0x0000022b864917e0 JavaThread "Worker-25"                         [_thread_blocked, id=10952, stack(0x000000fa30100000,0x000000fa30200000) (1024K)]
  0x0000022b86491e70 JavaThread "Worker-26"                         [_thread_blocked, id=19808, stack(0x000000fa30200000,0x000000fa30300000) (1024K)]
  0x0000022b86493220 JavaThread "Timer-7"                           [_thread_blocked, id=21244, stack(0x000000fa30300000,0x000000fa30400000) (1024K)]
  0x0000022b86492500 JavaThread "Worker-27: Java indexing... "        [_thread_blocked, id=11508, stack(0x000000fa30600000,0x000000fa30700000) (1024K)]
  0x0000022b86492b90 JavaThread "Worker-28"                         [_thread_blocked, id=10908, stack(0x000000fa30700000,0x000000fa30800000) (1024K)]
  0x0000022b862639b0 JavaThread "Worker-29"                         [_thread_blocked, id=10200, stack(0x000000fa30500000,0x000000fa30600000) (1024K)]
  0x0000022b86264040 JavaThread "Worker-30: Update project app"        [_thread_blocked, id=22088, stack(0x000000fa30800000,0x000000fa30900000) (1024K)]
  0x0000022b86264d60 JavaThread "Worker-31"                         [_thread_blocked, id=24380, stack(0x000000fa30900000,0x000000fa30a00000) (1024K)]
  0x0000022b86262600 JavaThread "Worker-32"                         [_thread_blocked, id=20404, stack(0x000000fa30a00000,0x000000fa30b00000) (1024K)]
  0x0000022b86266110 JavaThread "Worker-33"                         [_thread_blocked, id=2544, stack(0x000000fa30b00000,0x000000fa30c00000) (1024K)]
  0x0000022b86262c90 JavaThread "Worker-34"                         [_thread_blocked, id=21732, stack(0x000000fa30c00000,0x000000fa30d00000) (1024K)]
  0x0000022b86269590 JavaThread "Worker-35"                         [_thread_blocked, id=16652, stack(0x000000fa30d00000,0x000000fa30e00000) (1024K)]
  0x0000022b86266e30 JavaThread "Worker-36"                         [_thread_blocked, id=11356, stack(0x000000fa30e00000,0x000000fa30f00000) (1024K)]
  0x0000022b862667a0 JavaThread "Worker-37: Register Watchers"        [_thread_blocked, id=17056, stack(0x000000fa30f00000,0x000000fa31000000) (1024K)]
  0x0000022b86268f00 JavaThread "Worker-38"                         [_thread_blocked, id=7480, stack(0x000000fa31000000,0x000000fa31100000) (1024K)]
  0x0000022b86267b50 JavaThread "Worker-39"                         [_thread_blocked, id=10372, stack(0x000000fa31100000,0x000000fa31200000) (1024K)]
  0x0000022b862674c0 JavaThread "Timer-8"                           [_thread_blocked, id=20752, stack(0x000000fa31200000,0x000000fa31300000) (1024K)]
  0x0000022b86490ac0 JavaThread "Timer-9"                           [_thread_blocked, id=21092, stack(0x000000fa31400000,0x000000fa31500000) (1024K)]
  0x0000022b857049d0 JavaThread "Timer-10"                          [_thread_blocked, id=4248, stack(0x000000fa30400000,0x000000fa30500000) (1024K)]
  0x0000022b85702270 JavaThread "Timer-11"                          [_thread_blocked, id=2972, stack(0x000000fa31300000,0x000000fa31400000) (1024K)]
  0x0000022b85705060 JavaThread "Connection worker"                 [_thread_in_native, id=19392, stack(0x000000fa31500000,0x000000fa31600000) (1024K)]
  0x0000022b85705d80 JavaThread "pool-5-thread-1"                   [_thread_blocked, id=7976, stack(0x000000fa31600000,0x000000fa31700000) (1024K)]
  0x0000022b85702f90 JavaThread "Timer-12"                          [_thread_blocked, id=7264, stack(0x000000fa31900000,0x000000fa31a00000) (1024K)]
  0x0000022b85703cb0 JavaThread "Timer-13"                          [_thread_blocked, id=21800, stack(0x000000fa31a00000,0x000000fa31b00000) (1024K)]
  0x0000022b85704340 JavaThread "Exec process"                      [_thread_blocked, id=22308, stack(0x000000fa31700000,0x000000fa31800000) (1024K)]
  0x0000022b85703620 JavaThread "Exec process Thread 2"             [_thread_blocked, id=12640, stack(0x000000fa31c00000,0x000000fa31d00000) (1024K)]
  0x0000022b85707130 JavaThread "Exec process Thread 3"             [_thread_blocked, id=12216, stack(0x000000fa31d00000,0x000000fa31e00000) (1024K)]
  0x0000022b857056f0 JavaThread "Timer-14"                          [_thread_blocked, id=13256, stack(0x000000fa31b00000,0x000000fa31c00000) (1024K)]
Total: 97

Other Threads:
  0x0000022bb9e310a0 VMThread "VM Thread"                           [id=9120, stack(0x000000fa2b500000,0x000000fa2b600000) (1024K)]
  0x0000022ba3449200 WatcherThread "VM Periodic Task Thread"        [id=12328, stack(0x000000fa2b400000,0x000000fa2b500000) (1024K)]
  0x0000022ba33f8f90 WorkerThread "GC Thread#0"                     [id=9352, stack(0x000000fa2b300000,0x000000fa2b400000) (1024K)]
  0x0000022bfd0e8400 WorkerThread "GC Thread#1"                     [id=24428, stack(0x000000fa2c200000,0x000000fa2c300000) (1024K)]
  0x0000022bfd0e92c0 WorkerThread "GC Thread#2"                     [id=23884, stack(0x000000fa2c300000,0x000000fa2c400000) (1024K)]
  0x0000022bfd0e8050 WorkerThread "GC Thread#3"                     [id=1908, stack(0x000000fa2c400000,0x000000fa2c500000) (1024K)]
  0x0000022bfd0e9670 WorkerThread "GC Thread#4"                     [id=20616, stack(0x000000fa2c500000,0x000000fa2c600000) (1024K)]
  0x0000022bfd0e7ca0 WorkerThread "GC Thread#5"                     [id=24552, stack(0x000000fa2c600000,0x000000fa2c700000) (1024K)]
  0x0000022bfd0e87b0 WorkerThread "GC Thread#6"                     [id=24424, stack(0x000000fa2c700000,0x000000fa2c800000) (1024K)]
  0x0000022bfd063830 WorkerThread "GC Thread#7"                     [id=23832, stack(0x000000fa2bf00000,0x000000fa2c000000) (1024K)]
Total: 10

Threads with active compile tasks:
C2 CompilerThread0  349550 12463   !   4       org.eclipse.jdt.internal.core.search.indexing.BinaryIndexer::indexDocument (1172 bytes)
Total: 1

VM state: not at safepoint (normal execution)

VM Mutex/Monitor currently owned by a thread: None

Heap address: 0x0000000080000000, size: 2048 MB, Compressed Oops mode: 32-bit

CDS archive(s) mapped at: [0x0000022bba000000-0x0000022bbaba0000-0x0000022bbaba0000), size 12189696, SharedBaseAddress: 0x0000022bba000000, ArchiveRelocationMode: 1.
Compressed class space mapped at: 0x0000022bbb000000-0x0000022bfb000000, reserved size: 1073741824
Narrow klass base: 0x0000022bba000000, Narrow klass shift: 0, Narrow klass range: 0x100000000

GC Precious Log:
 CardTable entry size: 512
 CPUs: 8 total, 8 available
 Memory: 7932M
 Large Page Support: Disabled
 NUMA Support: Disabled
 Compressed Oops: Enabled (32-bit)
 Alignments: Space 512K, Generation 512K, Heap 2M
 Heap Min Capacity: 100M
 Heap Initial Capacity: 100M
 Heap Max Capacity: 2G
 Pre-touch: Disabled
 Parallel Workers: 8

Heap:
 PSYoungGen      total 5632K, used 4175K [0x00000000d5580000, 0x00000000d5c80000, 0x0000000100000000)
  eden space 5120K, 73% used [0x00000000d5580000,0x00000000d592bed8,0x00000000d5a80000)
  from space 512K, 81% used [0x00000000d5a80000,0x00000000d5ae8000,0x00000000d5b00000)
  to   space 512K, 0% used [0x00000000d5c00000,0x00000000d5c00000,0x00000000d5c80000)
 ParOldGen       total 624640K, used 624541K [0x0000000080000000, 0x00000000a6200000, 0x00000000d5580000)
  object space 624640K, 99% used [0x0000000080000000,0x00000000a61e74d0,0x00000000a6200000)
 Metaspace       used 73300K, committed 74880K, reserved 1179648K
  class space    used 8998K, committed 9728K, reserved 1048576K

Card table byte_map: [0x0000022ba2d80000,0x0000022ba3190000] _byte_map_base: 0x0000022ba2980000

Marking Bits: (ParMarkBitMap*) 0x00007ff975e93450
 Begin Bits: [0x0000022bb5890000, 0x0000022bb7890000)
 End Bits:   [0x0000022bb7890000, 0x0000022bb9890000)

Polling page: 0x0000022ba15b0000

Metaspace:

Usage:
  Non-class:     62.80 MB used.
      Class:      8.79 MB used.
       Both:     71.58 MB used.

Virtual space:
  Non-class space:      128.00 MB reserved,      63.62 MB ( 50%) committed,  2 nodes.
      Class space:        1.00 GB reserved,       9.50 MB ( <1%) committed,  1 nodes.
             Both:        1.12 GB reserved,      73.12 MB (  6%) committed. 

Chunk freelists:
   Non-Class:  15.88 MB
       Class:  6.54 MB
        Both:  22.42 MB

MaxMetaspaceSize: unlimited
CompressedClassSpaceSize: 1.00 GB
Initial GC threshold: 21.00 MB
Current GC threshold: 97.31 MB
CDS: on
 - commit_granule_bytes: 65536.
 - commit_granule_words: 8192.
 - virtual_space_node_default_size: 8388608.
 - enlarge_chunks_in_place: 1.
 - use_allocation_guard: 0.


Internal statistics:

num_allocs_failed_limit: 9.
num_arena_births: 1550.
num_arena_deaths: 38.
num_vsnodes_births: 3.
num_vsnodes_deaths: 0.
num_space_committed: 1170.
num_space_uncommitted: 0.
num_chunks_returned_to_freelist: 56.
num_chunks_taken_from_freelist: 4966.
num_chunk_merges: 12.
num_chunk_splits: 3082.
num_chunks_enlarged: 1818.
num_inconsistent_stats: 0.

CodeHeap 'non-profiled nmethods': size=120000Kb used=11691Kb max_used=11691Kb free=108308Kb
 bounds [0x0000022bae0b0000, 0x0000022baec20000, 0x0000022bb55e0000]
CodeHeap 'profiled nmethods': size=120000Kb used=25152Kb max_used=25152Kb free=94847Kb
 bounds [0x0000022ba65e0000, 0x0000022ba7e80000, 0x0000022badb10000]
CodeHeap 'non-nmethods': size=5760Kb used=1439Kb max_used=1505Kb free=4321Kb
 bounds [0x0000022badb10000, 0x0000022badd80000, 0x0000022bae0b0000]
CodeCache: size=245760Kb, used=38282Kb, max_used=38348Kb, free=207476Kb
 total_blobs=12396, nmethods=11655, adapters=646, full_count=0
Compilation: enabled, stopped_count=0, restarted_count=0

Compilation events (20 events):
Event: 347.106 Thread 0x0000022bfc76e5e0 12454       3       java.io.BufferedWriter::implWrite (43 bytes)
Event: 347.108 Thread 0x0000022bfc76e5e0 nmethod 12454 0x0000022ba7e6b490 code [0x0000022ba7e6b680, 0x0000022ba7e6ba10]
Event: 347.230 Thread 0x0000022bff2d6180 nmethod 12453% 0x0000022baec0f010 code [0x0000022baec0f680, 0x0000022baec12ce8]
Event: 347.317 Thread 0x0000022bfc76e5e0 12455  s    3       org.eclipse.jdt.internal.core.search.indexing.IndexManager::updateIndexState (185 bytes)
Event: 347.324 Thread 0x0000022bfc76e5e0 nmethod 12455 0x0000022ba7e6bb90 code [0x0000022ba7e6bf00, 0x0000022ba7e6d240]
Event: 347.324 Thread 0x0000022bfc76e5e0 12456       3       java.io.Writer::write (9 bytes)
Event: 347.325 Thread 0x0000022bfc76e5e0 nmethod 12456 0x0000022ba7e6d790 code [0x0000022ba7e6d940, 0x0000022ba7e6db20]
Event: 347.325 Thread 0x0000022bfc76e5e0 12457   !   3       java.io.BufferedWriter::write (82 bytes)
Event: 347.328 Thread 0x0000022bfc76e5e0 nmethod 12457 0x0000022ba7e6dc10 code [0x0000022ba7e6dec0, 0x0000022ba7e6ed38]
Event: 347.416 Thread 0x0000022bfc76e5e0 12458       3       org.eclipse.jdt.internal.core.search.indexing.IndexManager$MetaIndexUpdateRequest::equals (36 bytes)
Event: 347.416 Thread 0x0000022bfc768c00 12459       4       java.util.regex.Pattern$Node::study (21 bytes)
Event: 347.417 Thread 0x0000022bfc76e5e0 nmethod 12458 0x0000022ba7e6f210 code [0x0000022ba7e6f3e0, 0x0000022ba7e6f800]
Event: 347.418 Thread 0x0000022bfc768c00 nmethod 12459 0x0000022baec15b10 code [0x0000022baec15ca0, 0x0000022baec15d70]
Event: 347.530 Thread 0x0000022bfc76e5e0 12460  s    3       java.lang.Thread::setName (44 bytes)
Event: 347.531 Thread 0x0000022bfc76e5e0 nmethod 12460 0x0000022ba7e6f910 code [0x0000022ba7e6fb20, 0x0000022ba7e70160]
Event: 347.629 Thread 0x0000022bfc768c00 12461       4       org.eclipse.jdt.internal.core.search.indexing.IndexManager$$Lambda/0x0000022bbb9168b0::test (12 bytes)
Event: 347.644 Thread 0x0000022bfc768c00 nmethod 12461 0x0000022baec15e10 code [0x0000022baec15fe0, 0x0000022baec164a0]
Event: 347.778 Thread 0x0000022bfc768c00 12462       4       org.eclipse.jdt.internal.compiler.classfmt.MethodInfo::createMethod (710 bytes)
Event: 347.989 Thread 0x0000022bfc768c00 nmethod 12462 0x0000022baec16790 code [0x0000022baec16aa0, 0x0000022baec19b48]
Event: 348.047 Thread 0x0000022bfc768c00 12463   !   4       org.eclipse.jdt.internal.core.search.indexing.BinaryIndexer::indexDocument (1172 bytes)

GC Heap History (20 events):
Event: 348.229 GC heap before
{Heap before GC invocations=1337 (full 3):
 PSYoungGen      total 5120K, used 4537K [0x00000000d5580000, 0x00000000d5b00000, 0x0000000100000000)
  eden space 4096K, 99% used [0x00000000d5580000,0x00000000d597e720,0x00000000d5980000)
  from space 1024K, 43% used [0x00000000d5980000,0x00000000d59f0000,0x00000000d5a80000)
  to   space 512K, 0% used [0x00000000d5a80000,0x00000000d5a80000,0x00000000d5b00000)
 ParOldGen       total 620544K, used 620310K [0x0000000080000000, 0x00000000a5e00000, 0x00000000d5580000)
  object space 620544K, 99% used [0x0000000080000000,0x00000000a5dc59c0,0x00000000a5e00000)
 Metaspace       used 73300K, committed 74880K, reserved 1179648K
  class space    used 8998K, committed 9728K, reserved 1048576K
}
Event: 348.232 GC heap after
{Heap after GC invocations=1337 (full 3):
 PSYoungGen      total 4608K, used 464K [0x00000000d5580000, 0x00000000d5b00000, 0x0000000100000000)
  eden space 4096K, 0% used [0x00000000d5580000,0x00000000d5580000,0x00000000d5980000)
  from space 512K, 90% used [0x00000000d5a80000,0x00000000d5af4010,0x00000000d5b00000)
  to   space 512K, 0% used [0x00000000d5a00000,0x00000000d5a00000,0x00000000d5a80000)
 ParOldGen       total 621056K, used 620678K [0x0000000080000000, 0x00000000a5e80000, 0x00000000d5580000)
  object space 621056K, 99% used [0x0000000080000000,0x00000000a5e219c0,0x00000000a5e80000)
 Metaspace       used 73300K, committed 74880K, reserved 1179648K
  class space    used 8998K, committed 9728K, reserved 1048576K
}
Event: 348.254 GC heap before
{Heap before GC invocations=1338 (full 3):
 PSYoungGen      total 4608K, used 4560K [0x00000000d5580000, 0x00000000d5b00000, 0x0000000100000000)
  eden space 4096K, 100% used [0x00000000d5580000,0x00000000d5980000,0x00000000d5980000)
  from space 512K, 90% used [0x00000000d5a80000,0x00000000d5af4010,0x00000000d5b00000)
  to   space 512K, 0% used [0x00000000d5a00000,0x00000000d5a00000,0x00000000d5a80000)
 ParOldGen       total 621056K, used 620678K [0x0000000080000000, 0x00000000a5e80000, 0x00000000d5580000)
  object space 621056K, 99% used [0x0000000080000000,0x00000000a5e219c0,0x00000000a5e80000)
 Metaspace       used 73300K, committed 74880K, reserved 1179648K
  class space    used 8998K, committed 9728K, reserved 1048576K
}
Event: 348.257 GC heap after
{Heap after GC invocations=1338 (full 3):
 PSYoungGen      total 4608K, used 416K [0x00000000d5580000, 0x00000000d5b00000, 0x0000000100000000)
  eden space 4096K, 0% used [0x00000000d5580000,0x00000000d5580000,0x00000000d5980000)
  from space 512K, 81% used [0x00000000d5a00000,0x00000000d5a68000,0x00000000d5a80000)
  to   space 512K, 0% used [0x00000000d5a80000,0x00000000d5a80000,0x00000000d5b00000)
 ParOldGen       total 621056K, used 621030K [0x0000000080000000, 0x00000000a5e80000, 0x00000000d5580000)
  object space 621056K, 99% used [0x0000000080000000,0x00000000a5e799c0,0x00000000a5e80000)
 Metaspace       used 73300K, committed 74880K, reserved 1179648K
  class space    used 8998K, committed 9728K, reserved 1048576K
}
Event: 348.271 GC heap before
{Heap before GC invocations=1339 (full 3):
 PSYoungGen      total 4608K, used 4511K [0x00000000d5580000, 0x00000000d5b00000, 0x0000000100000000)
  eden space 4096K, 99% used [0x00000000d5580000,0x00000000d597ff40,0x00000000d5980000)
  from space 512K, 81% used [0x00000000d5a00000,0x00000000d5a68000,0x00000000d5a80000)
  to   space 512K, 0% used [0x00000000d5a80000,0x00000000d5a80000,0x00000000d5b00000)
 ParOldGen       total 621056K, used 621030K [0x0000000080000000, 0x00000000a5e80000, 0x00000000d5580000)
  object space 621056K, 99% used [0x0000000080000000,0x00000000a5e799c0,0x00000000a5e80000)
 Metaspace       used 73300K, committed 74880K, reserved 1179648K
  class space    used 8998K, committed 9728K, reserved 1048576K
}
Event: 348.273 GC heap after
{Heap after GC invocations=1339 (full 3):
 PSYoungGen      total 4608K, used 480K [0x00000000d5580000, 0x00000000d5b00000, 0x0000000100000000)
  eden space 4096K, 0% used [0x00000000d5580000,0x00000000d5580000,0x00000000d5980000)
  from space 512K, 93% used [0x00000000d5a80000,0x00000000d5af8000,0x00000000d5b00000)
  to   space 512K, 0% used [0x00000000d5a00000,0x00000000d5a00000,0x00000000d5a80000)
 ParOldGen       total 621568K, used 621318K [0x0000000080000000, 0x00000000a5f00000, 0x00000000d5580000)
  object space 621568K, 99% used [0x0000000080000000,0x00000000a5ec19c0,0x00000000a5f00000)
 Metaspace       used 73300K, committed 74880K, reserved 1179648K
  class space    used 8998K, committed 9728K, reserved 1048576K
}
Event: 348.294 GC heap before
{Heap before GC invocations=1340 (full 3):
 PSYoungGen      total 4608K, used 4576K [0x00000000d5580000, 0x00000000d5b00000, 0x0000000100000000)
  eden space 4096K, 100% used [0x00000000d5580000,0x00000000d5980000,0x00000000d5980000)
  from space 512K, 93% used [0x00000000d5a80000,0x00000000d5af8000,0x00000000d5b00000)
  to   space 512K, 0% used [0x00000000d5a00000,0x00000000d5a00000,0x00000000d5a80000)
 ParOldGen       total 621568K, used 621318K [0x0000000080000000, 0x00000000a5f00000, 0x00000000d5580000)
  object space 621568K, 99% used [0x0000000080000000,0x00000000a5ec19c0,0x00000000a5f00000)
 Metaspace       used 73300K, committed 74880K, reserved 1179648K
  class space    used 8998K, committed 9728K, reserved 1048576K
}
Event: 348.298 GC heap after
{Heap after GC invocations=1340 (full 3):
 PSYoungGen      total 4608K, used 475K [0x00000000d5580000, 0x00000000d5b00000, 0x0000000100000000)
  eden space 4096K, 0% used [0x00000000d5580000,0x00000000d5580000,0x00000000d5980000)
  from space 512K, 92% used [0x00000000d5a00000,0x00000000d5a76c00,0x00000000d5a80000)
  to   space 512K, 0% used [0x00000000d5a80000,0x00000000d5a80000,0x00000000d5b00000)
 ParOldGen       total 622080K, used 621686K [0x0000000080000000, 0x00000000a5f80000, 0x00000000d5580000)
  object space 622080K, 99% used [0x0000000080000000,0x00000000a5f1d9c0,0x00000000a5f80000)
 Metaspace       used 73300K, committed 74880K, reserved 1179648K
  class space    used 8998K, committed 9728K, reserved 1048576K
}
Event: 348.319 GC heap before
{Heap before GC invocations=1341 (full 3):
 PSYoungGen      total 4608K, used 4571K [0x00000000d5580000, 0x00000000d5b00000, 0x0000000100000000)
  eden space 4096K, 100% used [0x00000000d5580000,0x00000000d5980000,0x00000000d5980000)
  from space 512K, 92% used [0x00000000d5a00000,0x00000000d5a76c00,0x00000000d5a80000)
  to   space 512K, 0% used [0x00000000d5a80000,0x00000000d5a80000,0x00000000d5b00000)
 ParOldGen       total 622080K, used 621686K [0x0000000080000000, 0x00000000a5f80000, 0x00000000d5580000)
  object space 622080K, 99% used [0x0000000080000000,0x00000000a5f1d9c0,0x00000000a5f80000)
 Metaspace       used 73300K, committed 74880K, reserved 1179648K
  class space    used 8998K, committed 9728K, reserved 1048576K
}
Event: 348.322 GC heap after
{Heap after GC invocations=1341 (full 3):
 PSYoungGen      total 4608K, used 416K [0x00000000d5580000, 0x00000000d5b00000, 0x0000000100000000)
  eden space 4096K, 0% used [0x00000000d5580000,0x00000000d5580000,0x00000000d5980000)
  from space 512K, 81% used [0x00000000d5a80000,0x00000000d5ae8000,0x00000000d5b00000)
  to   space 512K, 0% used [0x00000000d5a00000,0x00000000d5a00000,0x00000000d5a80000)
 ParOldGen       total 622080K, used 622006K [0x0000000080000000, 0x00000000a5f80000, 0x00000000d5580000)
  object space 622080K, 99% used [0x0000000080000000,0x00000000a5f6d9c0,0x00000000a5f80000)
 Metaspace       used 73300K, committed 74880K, reserved 1179648K
  class space    used 8998K, committed 9728K, reserved 1048576K
}
Event: 348.344 GC heap before
{Heap before GC invocations=1342 (full 3):
 PSYoungGen      total 4608K, used 4512K [0x00000000d5580000, 0x00000000d5b00000, 0x0000000100000000)
  eden space 4096K, 100% used [0x00000000d5580000,0x00000000d5980000,0x00000000d5980000)
  from space 512K, 81% used [0x00000000d5a80000,0x00000000d5ae8000,0x00000000d5b00000)
  to   space 512K, 0% used [0x00000000d5a00000,0x00000000d5a00000,0x00000000d5a80000)
 ParOldGen       total 622080K, used 622006K [0x0000000080000000, 0x00000000a5f80000, 0x00000000d5580000)
  object space 622080K, 99% used [0x0000000080000000,0x00000000a5f6d9c0,0x00000000a5f80000)
 Metaspace       used 73300K, committed 74880K, reserved 1179648K
  class space    used 8998K, committed 9728K, reserved 1048576K
}
Event: 348.347 GC heap after
{Heap after GC invocations=1342 (full 3):
 PSYoungGen      total 4608K, used 504K [0x00000000d5580000, 0x00000000d5b80000, 0x0000000100000000)
  eden space 4096K, 0% used [0x00000000d5580000,0x00000000d5580000,0x00000000d5980000)
  from space 512K, 98% used [0x00000000d5a00000,0x00000000d5a7e008,0x00000000d5a80000)
  to   space 1024K, 0% used [0x00000000d5a80000,0x00000000d5a80000,0x00000000d5b80000)
 ParOldGen       total 622592K, used 622390K [0x0000000080000000, 0x00000000a6000000, 0x00000000d5580000)
  object space 622592K, 99% used [0x0000000080000000,0x00000000a5fcd9c0,0x00000000a6000000)
 Metaspace       used 73300K, committed 74880K, reserved 1179648K
  class space    used 8998K, committed 9728K, reserved 1048576K
}
Event: 348.370 GC heap before
{Heap before GC invocations=1343 (full 3):
 PSYoungGen      total 4608K, used 4599K [0x00000000d5580000, 0x00000000d5b80000, 0x0000000100000000)
  eden space 4096K, 99% used [0x00000000d5580000,0x00000000d597fff0,0x00000000d5980000)
  from space 512K, 98% used [0x00000000d5a00000,0x00000000d5a7e008,0x00000000d5a80000)
  to   space 1024K, 0% used [0x00000000d5a80000,0x00000000d5a80000,0x00000000d5b80000)
 ParOldGen       total 622592K, used 622390K [0x0000000080000000, 0x00000000a6000000, 0x00000000d5580000)
  object space 622592K, 99% used [0x0000000080000000,0x00000000a5fcd9c0,0x00000000a6000000)
 Metaspace       used 73300K, committed 74880K, reserved 1179648K
  class space    used 8998K, committed 9728K, reserved 1048576K
}
Event: 348.372 GC heap after
{Heap after GC invocations=1343 (full 3):
 PSYoungGen      total 5120K, used 480K [0x00000000d5580000, 0x00000000d5b80000, 0x0000000100000000)
  eden space 4096K, 0% used [0x00000000d5580000,0x00000000d5580000,0x00000000d5980000)
  from space 1024K, 46% used [0x00000000d5a80000,0x00000000d5af8000,0x00000000d5b80000)
  to   space 1024K, 0% used [0x00000000d5980000,0x00000000d5980000,0x00000000d5a80000)
 ParOldGen       total 623104K, used 622878K [0x0000000080000000, 0x00000000a6080000, 0x00000000d5580000)
  object space 623104K, 99% used [0x0000000080000000,0x00000000a60479c8,0x00000000a6080000)
 Metaspace       used 73300K, committed 74880K, reserved 1179648K
  class space    used 8998K, committed 9728K, reserved 1048576K
}
Event: 348.393 GC heap before
{Heap before GC invocations=1344 (full 3):
 PSYoungGen      total 5120K, used 4576K [0x00000000d5580000, 0x00000000d5b80000, 0x0000000100000000)
  eden space 4096K, 100% used [0x00000000d5580000,0x00000000d5980000,0x00000000d5980000)
  from space 1024K, 46% used [0x00000000d5a80000,0x00000000d5af8000,0x00000000d5b80000)
  to   space 1024K, 0% used [0x00000000d5980000,0x00000000d5980000,0x00000000d5a80000)
 ParOldGen       total 623104K, used 622878K [0x0000000080000000, 0x00000000a6080000, 0x00000000d5580000)
  object space 623104K, 99% used [0x0000000080000000,0x00000000a60479c8,0x00000000a6080000)
 Metaspace       used 73300K, committed 74880K, reserved 1179648K
  class space    used 8998K, committed 9728K, reserved 1048576K
}
Event: 348.397 GC heap after
{Heap after GC invocations=1344 (full 3):
 PSYoungGen      total 5120K, used 448K [0x00000000d5580000, 0x00000000d5b00000, 0x0000000100000000)
  eden space 4096K, 0% used [0x00000000d5580000,0x00000000d5580000,0x00000000d5980000)
  from space 1024K, 43% used [0x00000000d5980000,0x00000000d59f0000,0x00000000d5a80000)
  to   space 512K, 0% used [0x00000000d5a80000,0x00000000d5a80000,0x00000000d5b00000)
 ParOldGen       total 623616K, used 623221K [0x0000000080000000, 0x00000000a6100000, 0x00000000d5580000)
  object space 623616K, 99% used [0x0000000080000000,0x00000000a609d4d0,0x00000000a6100000)
 Metaspace       used 73300K, committed 74880K, reserved 1179648K
  class space    used 8998K, committed 9728K, reserved 1048576K
}
Event: 348.417 GC heap before
{Heap before GC invocations=1345 (full 3):
 PSYoungGen      total 5120K, used 4544K [0x00000000d5580000, 0x00000000d5b00000, 0x0000000100000000)
  eden space 4096K, 100% used [0x00000000d5580000,0x00000000d5980000,0x00000000d5980000)
  from space 1024K, 43% used [0x00000000d5980000,0x00000000d59f0000,0x00000000d5a80000)
  to   space 512K, 0% used [0x00000000d5a80000,0x00000000d5a80000,0x00000000d5b00000)
 ParOldGen       total 623616K, used 623221K [0x0000000080000000, 0x00000000a6100000, 0x00000000d5580000)
  object space 623616K, 99% used [0x0000000080000000,0x00000000a609d4d0,0x00000000a6100000)
 Metaspace       used 73300K, committed 74880K, reserved 1179648K
  class space    used 8998K, committed 9728K, reserved 1048576K
}
Event: 348.421 GC heap after
{Heap after GC invocations=1345 (full 3):
 PSYoungGen      total 4608K, used 416K [0x00000000d5580000, 0x00000000d5b00000, 0x0000000100000000)
  eden space 4096K, 0% used [0x00000000d5580000,0x00000000d5580000,0x00000000d5980000)
  from space 512K, 81% used [0x00000000d5a80000,0x00000000d5ae8000,0x00000000d5b00000)
  to   space 512K, 0% used [0x00000000d5a00000,0x00000000d5a00000,0x00000000d5a80000)
 ParOldGen       total 623616K, used 623573K [0x0000000080000000, 0x00000000a6100000, 0x00000000d5580000)
  object space 623616K, 99% used [0x0000000080000000,0x00000000a60f54d0,0x00000000a6100000)
 Metaspace       used 73300K, committed 74880K, reserved 1179648K
  class space    used 8998K, committed 9728K, reserved 1048576K
}
Event: 348.440 GC heap before
{Heap before GC invocations=1346 (full 3):
 PSYoungGen      total 4608K, used 4512K [0x00000000d5580000, 0x00000000d5b00000, 0x0000000100000000)
  eden space 4096K, 100% used [0x00000000d5580000,0x00000000d5980000,0x00000000d5980000)
  from space 512K, 81% used [0x00000000d5a80000,0x00000000d5ae8000,0x00000000d5b00000)
  to   space 512K, 0% used [0x00000000d5a00000,0x00000000d5a00000,0x00000000d5a80000)
 ParOldGen       total 623616K, used 623573K [0x0000000080000000, 0x00000000a6100000, 0x00000000d5580000)
  object space 623616K, 99% used [0x0000000080000000,0x00000000a60f54d0,0x00000000a6100000)
 Metaspace       used 73300K, committed 74880K, reserved 1179648K
  class space    used 8998K, committed 9728K, reserved 1048576K
}
Event: 349.437 GC heap after
{Heap after GC invocations=1346 (full 3):
 PSYoungGen      total 5120K, used 480K [0x00000000d5580000, 0x00000000d5b80000, 0x0000000100000000)
  eden space 4608K, 0% used [0x00000000d5580000,0x00000000d5580000,0x00000000d5a00000)
  from space 512K, 93% used [0x00000000d5a00000,0x00000000d5a78000,0x00000000d5a80000)
  to   space 512K, 0% used [0x00000000d5b00000,0x00000000d5b00000,0x00000000d5b80000)
 ParOldGen       total 624128K, used 623917K [0x0000000080000000, 0x00000000a6180000, 0x00000000d5580000)
  object space 624128K, 99% used [0x0000000080000000,0x00000000a614b4d0,0x00000000a6180000)
 Metaspace       used 73300K, committed 74880K, reserved 1179648K
  class space    used 8998K, committed 9728K, reserved 1048576K
}

Dll operation events (15 events):
Event: 0.018 Loaded shared library c:\Users\bevan\.antigravity\extensions\redhat.java-1.53.0-win32-x64\jre\21.0.10-win32-x86_64\bin\java.dll
Event: 0.118 Loaded shared library c:\Users\bevan\.antigravity\extensions\redhat.java-1.53.0-win32-x64\jre\21.0.10-win32-x86_64\bin\zip.dll
Event: 0.142 Loaded shared library C:\Users\bevan\.antigravity\extensions\redhat.java-1.53.0-win32-x64\jre\21.0.10-win32-x86_64\bin\instrument.dll
Event: 0.150 Loaded shared library C:\Users\bevan\.antigravity\extensions\redhat.java-1.53.0-win32-x64\jre\21.0.10-win32-x86_64\bin\net.dll
Event: 0.153 Loaded shared library C:\Users\bevan\.antigravity\extensions\redhat.java-1.53.0-win32-x64\jre\21.0.10-win32-x86_64\bin\nio.dll
Event: 0.163 Loaded shared library C:\Users\bevan\.antigravity\extensions\redhat.java-1.53.0-win32-x64\jre\21.0.10-win32-x86_64\bin\zip.dll
Event: 0.186 Loaded shared library C:\Users\bevan\.antigravity\extensions\redhat.java-1.53.0-win32-x64\jre\21.0.10-win32-x86_64\bin\jimage.dll
Event: 0.300 Loaded shared library c:\Users\bevan\.antigravity\extensions\redhat.java-1.53.0-win32-x64\jre\21.0.10-win32-x86_64\bin\verify.dll
Event: 22.520 Loaded shared library C:\Users\bevan\AppData\Roaming\Antigravity\User\globalStorage\redhat.java\1.53.0\config_win\org.eclipse.equinox.launcher\org.eclipse.equinox.launcher.win32.win32.x86_64_1.3.0.v20260203-2149\eclipse_11919.dll
Event: 43.095 Loaded shared library C:\Users\bevan\AppData\Local\Temp\jna-93630464\jna1694160591559294017.dll
Event: 50.196 Loaded shared library C:\Users\bevan\.gradle\native\1def1411415f61bf3af743bc5b6707747c0891f09f0c88961ee8f79bc544acac\windows-amd64\native-platform.dll
Event: 53.057 Loaded shared library C:\Users\bevan\.antigravity\extensions\redhat.java-1.53.0-win32-x64\jre\21.0.10-win32-x86_64\bin\management.dll
Event: 53.062 Loaded shared library C:\Users\bevan\.antigravity\extensions\redhat.java-1.53.0-win32-x64\jre\21.0.10-win32-x86_64\bin\management_ext.dll
Event: 59.590 Loaded shared library C:\Users\bevan\.antigravity\extensions\redhat.java-1.53.0-win32-x64\jre\21.0.10-win32-x86_64\bin\extnet.dll
Event: 62.507 Loaded shared library C:\Users\bevan\.antigravity\extensions\redhat.java-1.53.0-win32-x64\jre\21.0.10-win32-x86_64\bin\sunmscapi.dll

Deoptimization events (20 events):
Event: 346.445 Thread 0x0000022b862667a0 DEOPT PACKING pc=0x0000022ba7e0b6e5 sp=0x000000fa30ffecd0
Event: 346.445 Thread 0x0000022b862667a0 DEOPT UNPACKING pc=0x0000022badb678e2 sp=0x000000fa30ffe180 mode 0
Event: 346.637 Thread 0x0000022b862667a0 DEOPT PACKING pc=0x0000022ba7e0b6e5 sp=0x000000fa30ffecd0
Event: 346.637 Thread 0x0000022b862667a0 DEOPT UNPACKING pc=0x0000022badb678e2 sp=0x000000fa30ffe180 mode 0
Event: 346.772 Thread 0x0000022bfdc05660 Uncommon trap: trap_request=0xffffff45 fr.pc=0x0000022baea80124 relative=0x0000000000002804
Event: 346.772 Thread 0x0000022bfdc05660 Uncommon trap: reason=unstable_if action=reinterpret pc=0x0000022baea80124 method=org.eclipse.jdt.internal.compiler.classfmt.MethodInfo.createMethod([B[IIJ)Lorg/eclipse/jdt/internal/compiler/classfmt/MethodInfo; @ 92 c2
Event: 346.772 Thread 0x0000022bfdc05660 DEOPT PACKING pc=0x0000022baea80124 sp=0x000000fa2d2fe8a0
Event: 346.773 Thread 0x0000022bfdc05660 DEOPT UNPACKING pc=0x0000022badb66da2 sp=0x000000fa2d2fe820 mode 2
Event: 346.773 Thread 0x0000022bfdc05660 Uncommon trap: trap_request=0xffffff45 fr.pc=0x0000022baeab8c44 relative=0x0000000000003184
Event: 346.773 Thread 0x0000022bfdc05660 Uncommon trap: reason=unstable_if action=reinterpret pc=0x0000022baeab8c44 method=org.eclipse.jdt.internal.compiler.classfmt.MethodInfo.getArgumentNames()[[C @ 4 c2
Event: 346.773 Thread 0x0000022bfdc05660 DEOPT PACKING pc=0x0000022baeab8c44 sp=0x000000fa2d2fea40
Event: 346.773 Thread 0x0000022bfdc05660 DEOPT UNPACKING pc=0x0000022badb66da2 sp=0x000000fa2d2fe918 mode 2
Event: 346.773 Thread 0x0000022bfdc05660 Uncommon trap: trap_request=0xffffff45 fr.pc=0x0000022bae83a21c relative=0x000000000000007c
Event: 346.773 Thread 0x0000022bfdc05660 Uncommon trap: reason=unstable_if action=reinterpret pc=0x0000022bae83a21c method=org.eclipse.jdt.internal.compiler.classfmt.MethodInfo.getArgumentNames()[[C @ 4 c2
Event: 346.773 Thread 0x0000022bfdc05660 DEOPT PACKING pc=0x0000022bae83a21c sp=0x000000fa2d2fe970
Event: 346.773 Thread 0x0000022bfdc05660 DEOPT UNPACKING pc=0x0000022badb66da2 sp=0x000000fa2d2fe910 mode 2
Event: 346.801 Thread 0x0000022bfdc05660 Uncommon trap: trap_request=0xffffff45 fr.pc=0x0000022bae42d45c relative=0x0000000000001a1c
Event: 346.801 Thread 0x0000022bfdc05660 Uncommon trap: reason=unstable_if action=reinterpret pc=0x0000022bae42d45c method=java.util.zip.ZipFile.getInputStream(Ljava/util/zip/ZipEntry;)Ljava/io/InputStream; @ 101 c2
Event: 346.801 Thread 0x0000022bfdc05660 DEOPT PACKING pc=0x0000022bae42d45c sp=0x000000fa2d2fe7e0
Event: 346.801 Thread 0x0000022bfdc05660 DEOPT UNPACKING pc=0x0000022badb66da2 sp=0x000000fa2d2fe7f8 mode 2

Classes loaded (20 events):
Event: 330.378 Loading class java/util/stream/Nodes$ToArrayTask$OfRef
Event: 330.379 Loading class java/util/stream/Nodes$ToArrayTask
Event: 330.380 Loading class java/util/stream/Nodes$ToArrayTask done
Event: 330.380 Loading class java/util/stream/Nodes$ToArrayTask$OfRef done
Event: 330.549 Loading class java/util/Collections$SynchronizedRandomAccessList
Event: 330.549 Loading class java/util/Collections$SynchronizedList
Event: 330.550 Loading class java/util/Collections$SynchronizedList done
Event: 330.550 Loading class java/util/Collections$SynchronizedRandomAccessList done
Event: 330.624 Loading class java/util/regex/PatternSyntaxException
Event: 330.624 Loading class java/util/regex/PatternSyntaxException done
Event: 330.625 Loading class java/util/concurrent/CompletableFuture$Signaller
Event: 330.626 Loading class java/util/concurrent/CompletableFuture$Signaller done
Event: 337.683 Loading class sun/net/util/SocketExceptions
Event: 337.683 Loading class sun/net/util/SocketExceptions done
Event: 342.292 Loading class sun/misc/SharedSecrets
Event: 342.292 Loading class sun/misc/SharedSecrets done
Event: 342.293 Loading class java/lang/Throwable$WrappedPrintWriter
Event: 342.293 Loading class java/lang/Throwable$PrintStreamOrWriter
Event: 342.293 Loading class java/lang/Throwable$PrintStreamOrWriter done
Event: 342.293 Loading class java/lang/Throwable$WrappedPrintWriter done

Classes unloaded (19 events):
Event: 40.049 Thread 0x0000022bb9e310a0 Unloading class 0x0000022bbb1a3800 'java/lang/invoke/LambdaForm$MH+0x0000022bbb1a3800'
Event: 40.049 Thread 0x0000022bb9e310a0 Unloading class 0x0000022bbb1a3400 'java/lang/invoke/LambdaForm$MH+0x0000022bbb1a3400'
Event: 40.049 Thread 0x0000022bb9e310a0 Unloading class 0x0000022bbb1a3000 'java/lang/invoke/LambdaForm$MH+0x0000022bbb1a3000'
Event: 40.049 Thread 0x0000022bb9e310a0 Unloading class 0x0000022bbb1a2c00 'java/lang/invoke/LambdaForm$MH+0x0000022bbb1a2c00'
Event: 40.049 Thread 0x0000022bb9e310a0 Unloading class 0x0000022bbb1a2800 'java/lang/invoke/LambdaForm$BMH+0x0000022bbb1a2800'
Event: 40.049 Thread 0x0000022bb9e310a0 Unloading class 0x0000022bbb1a2400 'java/lang/invoke/LambdaForm$DMH+0x0000022bbb1a2400'
Event: 40.049 Thread 0x0000022bb9e310a0 Unloading class 0x0000022bbb1a1000 'java/lang/invoke/LambdaForm$DMH+0x0000022bbb1a1000'
Event: 43.456 Thread 0x0000022bb9e310a0 Unloading class 0x0000022bbb2e4000 'java/lang/invoke/LambdaForm$MH+0x0000022bbb2e4000'
Event: 43.456 Thread 0x0000022bb9e310a0 Unloading class 0x0000022bbb2e3400 'java/lang/invoke/LambdaForm$MH+0x0000022bbb2e3400'
Event: 43.456 Thread 0x0000022bb9e310a0 Unloading class 0x0000022bbb2e2c00 'java/lang/invoke/LambdaForm$MH+0x0000022bbb2e2c00'
Event: 43.456 Thread 0x0000022bb9e310a0 Unloading class 0x0000022bbb2e2400 'java/lang/invoke/LambdaForm$DMH+0x0000022bbb2e2400'
Event: 43.456 Thread 0x0000022bb9e310a0 Unloading class 0x0000022bbb2e1800 'java/lang/invoke/LambdaForm$MH+0x0000022bbb2e1800'
Event: 43.456 Thread 0x0000022bb9e310a0 Unloading class 0x0000022bbb2da000 'java/lang/invoke/LambdaForm$MH+0x0000022bbb2da000'
Event: 43.456 Thread 0x0000022bb9e310a0 Unloading class 0x0000022bbb2d9800 'java/lang/invoke/LambdaForm$MH+0x0000022bbb2d9800'
Event: 43.456 Thread 0x0000022bb9e310a0 Unloading class 0x0000022bbb2d9000 'java/lang/invoke/LambdaForm$MH+0x0000022bbb2d9000'
Event: 43.456 Thread 0x0000022bb9e310a0 Unloading class 0x0000022bbb2d8c00 'java/lang/invoke/LambdaForm$MH+0x0000022bbb2d8c00'
Event: 43.456 Thread 0x0000022bb9e310a0 Unloading class 0x0000022bbb2d8000 'java/lang/invoke/LambdaForm$MH+0x0000022bbb2d8000'
Event: 43.456 Thread 0x0000022bb9e310a0 Unloading class 0x0000022bbb2c9800 'java/lang/invoke/LambdaForm$MH+0x0000022bbb2c9800'
Event: 43.456 Thread 0x0000022bb9e310a0 Unloading class 0x0000022bbb2c9400 'java/lang/invoke/LambdaForm$MH+0x0000022bbb2c9400'

Classes redefined (0 events):
No events

Internal exceptions (20 events):
Event: 345.515 Thread 0x0000022b8648dcd0 Exception <a 'sun/nio/fs/WindowsException'{0x00000000d5952ea0}> (0x00000000d5952ea0) 
thrown [s\src\hotspot\share\prims\jni.cpp, line 520]
Event: 345.533 Thread 0x0000022b8648c290 Exception <a 'sun/nio/fs/WindowsException'{0x00000000d56fc978}> (0x00000000d56fc978) 
thrown [s\src\hotspot\share\prims\jni.cpp, line 520]
Event: 345.533 Thread 0x0000022b8648c290 Exception <a 'sun/nio/fs/WindowsException'{0x00000000d5703e98}> (0x00000000d5703e98) 
thrown [s\src\hotspot\share\prims\jni.cpp, line 520]
Event: 345.546 Thread 0x0000022b86492b90 Exception <a 'sun/nio/fs/WindowsException'{0x00000000d58d07c0}> (0x00000000d58d07c0) 
thrown [s\src\hotspot\share\prims\jni.cpp, line 520]
Event: 345.661 Thread 0x0000022bfdc05660 Exception <a 'sun/nio/fs/WindowsException'{0x00000000d559f0f8}> (0x00000000d559f0f8) 
thrown [s\src\hotspot\share\prims\jni.cpp, line 520]
Event: 345.937 Thread 0x0000022bfdc05660 Exception <a 'sun/nio/fs/WindowsException'{0x00000000d561c3b0}> (0x00000000d561c3b0) 
thrown [s\src\hotspot\share\prims\jni.cpp, line 520]
Event: 346.024 Thread 0x0000022bfdc05660 Exception <a 'sun/nio/fs/WindowsException'{0x00000000d5764a90}> (0x00000000d5764a90) 
thrown [s\src\hotspot\share\prims\jni.cpp, line 520]
Event: 346.093 Thread 0x0000022bfdc05660 Exception <a 'sun/nio/fs/WindowsException'{0x00000000d563a468}> (0x00000000d563a468) 
thrown [s\src\hotspot\share\prims\jni.cpp, line 520]
Event: 346.299 Thread 0x0000022bfdc05660 Exception <a 'sun/nio/fs/WindowsException'{0x00000000d5600370}> (0x00000000d5600370) 
thrown [s\src\hotspot\share\prims\jni.cpp, line 520]
Event: 346.487 Thread 0x0000022bfdc05660 Exception <a 'sun/nio/fs/WindowsException'{0x00000000d5835ab8}> (0x00000000d5835ab8) 
thrown [s\src\hotspot\share\prims\jni.cpp, line 520]
Event: 346.568 Thread 0x0000022bfdc05660 Exception <a 'sun/nio/fs/WindowsException'{0x00000000d55d7b00}> (0x00000000d55d7b00) 
thrown [s\src\hotspot\share\prims\jni.cpp, line 520]
Event: 346.750 Thread 0x0000022bfdc05660 Exception <a 'sun/nio/fs/WindowsException'{0x00000000d55e0370}> (0x00000000d55e0370) 
thrown [s\src\hotspot\share\prims\jni.cpp, line 520]
Event: 346.838 Thread 0x0000022bfdc05660 Exception <a 'sun/nio/fs/WindowsException'{0x00000000d592fa08}> (0x00000000d592fa08) 
thrown [s\src\hotspot\share\prims\jni.cpp, line 520]
Event: 347.100 Thread 0x0000022bfdc05660 Exception <a 'sun/nio/fs/WindowsException'{0x00000000d57fb208}> (0x00000000d57fb208) 
thrown [s\src\hotspot\share\prims\jni.cpp, line 520]
Event: 347.247 Thread 0x0000022bfdc05660 Exception <a 'sun/nio/fs/WindowsException'{0x00000000d56d9a38}> (0x00000000d56d9a38) 
thrown [s\src\hotspot\share\prims\jni.cpp, line 520]
Event: 347.312 Thread 0x0000022bfdc05660 Exception <a 'sun/nio/fs/WindowsException'{0x00000000d5733a88}> (0x00000000d5733a88) 
thrown [s\src\hotspot\share\prims\jni.cpp, line 520]
Event: 347.411 Thread 0x0000022bfdc05660 Exception <a 'sun/nio/fs/WindowsException'{0x00000000d56e6208}> (0x00000000d56e6208) 
thrown [s\src\hotspot\share\prims\jni.cpp, line 520]
Event: 347.523 Thread 0x0000022bfdc05660 Exception <a 'sun/nio/fs/WindowsException'{0x00000000d56aa338}> (0x00000000d56aa338) 
thrown [s\src\hotspot\share\prims\jni.cpp, line 520]
Event: 347.625 Thread 0x0000022bfdc05660 Exception <a 'sun/nio/fs/WindowsException'{0x00000000d5623c98}> (0x00000000d5623c98) 
thrown [s\src\hotspot\share\prims\jni.cpp, line 520]
Event: 347.704 Thread 0x0000022bfdc05660 Exception <a 'sun/nio/fs/WindowsException'{0x00000000d55805a0}> (0x00000000d55805a0) 
thrown [s\src\hotspot\share\prims\jni.cpp, line 520]

ZGC Phase Switch (0 events):
No events

VM Operations (20 events):
Event: 348.229 Executing safepoint VM operation: ParallelGCFailedAllocation (Allocation Failure)
Event: 348.232 Executing safepoint VM operation: ParallelGCFailedAllocation (Allocation Failure) done
Event: 348.254 Executing safepoint VM operation: ParallelGCFailedAllocation (Allocation Failure)
Event: 348.257 Executing safepoint VM operation: ParallelGCFailedAllocation (Allocation Failure) done
Event: 348.271 Executing safepoint VM operation: ParallelGCFailedAllocation (Allocation Failure)
Event: 348.273 Executing safepoint VM operation: ParallelGCFailedAllocation (Allocation Failure) done
Event: 348.294 Executing safepoint VM operation: ParallelGCFailedAllocation (Allocation Failure)
Event: 348.298 Executing safepoint VM operation: ParallelGCFailedAllocation (Allocation Failure) done
Event: 348.319 Executing safepoint VM operation: ParallelGCFailedAllocation (Allocation Failure)
Event: 348.322 Executing safepoint VM operation: ParallelGCFailedAllocation (Allocation Failure) done
Event: 348.344 Executing safepoint VM operation: ParallelGCFailedAllocation (Allocation Failure)
Event: 348.347 Executing safepoint VM operation: ParallelGCFailedAllocation (Allocation Failure) done
Event: 348.370 Executing safepoint VM operation: ParallelGCFailedAllocation (Allocation Failure)
Event: 348.372 Executing safepoint VM operation: ParallelGCFailedAllocation (Allocation Failure) done
Event: 348.393 Executing safepoint VM operation: ParallelGCFailedAllocation (Allocation Failure)
Event: 348.397 Executing safepoint VM operation: ParallelGCFailedAllocation (Allocation Failure) done
Event: 348.417 Executing safepoint VM operation: ParallelGCFailedAllocation (Allocation Failure)
Event: 348.421 Executing safepoint VM operation: ParallelGCFailedAllocation (Allocation Failure) done
Event: 348.440 Executing safepoint VM operation: ParallelGCFailedAllocation (Allocation Failure)
Event: 349.438 Executing safepoint VM operation: ParallelGCFailedAllocation (Allocation Failure) done

Memory protections (0 events):
No events

Nmethod flushes (20 events):
Event: 55.958 Thread 0x0000022bb9e310a0 flushing  nmethod 0x0000022ba6e8c490
Event: 55.958 Thread 0x0000022bb9e310a0 flushing  nmethod 0x0000022ba6e8c910
Event: 55.958 Thread 0x0000022bb9e310a0 flushing  nmethod 0x0000022ba6e8d990
Event: 55.958 Thread 0x0000022bb9e310a0 flushing  nmethod 0x0000022ba6e8de90
Event: 55.958 Thread 0x0000022bb9e310a0 flushing  nmethod 0x0000022ba6e8e990
Event: 55.958 Thread 0x0000022bb9e310a0 flushing  nmethod 0x0000022ba6e9cf90
Event: 55.958 Thread 0x0000022bb9e310a0 flushing  nmethod 0x0000022ba6e9d410
Event: 55.958 Thread 0x0000022bb9e310a0 flushing  nmethod 0x0000022ba6e9fd90
Event: 55.958 Thread 0x0000022bb9e310a0 flushing  nmethod 0x0000022ba6ea0190
Event: 55.958 Thread 0x0000022bb9e310a0 flushing  nmethod 0x0000022ba6eb1e90
Event: 55.958 Thread 0x0000022bb9e310a0 flushing  nmethod 0x0000022ba6eb3710
Event: 55.958 Thread 0x0000022bb9e310a0 flushing  nmethod 0x0000022ba6eb5790
Event: 55.958 Thread 0x0000022bb9e310a0 flushing  nmethod 0x0000022ba6eb6510
Event: 55.958 Thread 0x0000022bb9e310a0 flushing  nmethod 0x0000022ba6eb6990
Event: 55.958 Thread 0x0000022bb9e310a0 flushing  nmethod 0x0000022ba6ebd910
Event: 55.958 Thread 0x0000022bb9e310a0 flushing  nmethod 0x0000022ba6ee0d90
Event: 55.958 Thread 0x0000022bb9e310a0 flushing  nmethod 0x0000022ba6ee7090
Event: 55.958 Thread 0x0000022bb9e310a0 flushing  nmethod 0x0000022ba6f08010
Event: 55.958 Thread 0x0000022bb9e310a0 flushing  nmethod 0x0000022ba6f0b810
Event: 55.958 Thread 0x0000022bb9e310a0 flushing  nmethod 0x0000022ba6f27410

Events (20 events):
Event: 337.969 Thread 0x0000022b85702900 Thread added: 0x0000022b85704340
Event: 338.685 Thread 0x0000022b85704340 Thread added: 0x0000022b85703620
Event: 338.685 Thread 0x0000022b85704340 Thread added: 0x0000022b85707130
Event: 339.382 Thread 0x0000022b85702900 Thread added: 0x0000022b85707e50
Event: 339.398 Thread 0x0000022b85707e50 Thread added: 0x0000022b857077c0
Event: 339.399 Thread 0x0000022b85707e50 Thread added: 0x0000022b857056f0
Event: 339.440 Thread 0x0000022b857077c0 Thread exited: 0x0000022b857077c0
Event: 342.230 Thread 0x0000022b85707e50 Thread exited: 0x0000022b85707e50
Event: 342.230 Thread 0x0000022b857056f0 Thread exited: 0x0000022b857056f0
Event: 342.232 Thread 0x0000022b85706aa0 Thread exited: 0x0000022b85706aa0
Event: 342.236 Thread 0x0000022b85702900 Thread exited: 0x0000022b85702900
Event: 342.321 Thread 0x0000022bfc76e5e0 Thread added: 0x0000022bff2d6180
Event: 342.433 Thread 0x0000022b86491e70 Thread added: 0x0000022b857056f0
Event: 342.438 Thread 0x0000022b86491e70 Thread added: 0x0000022b85702900
Event: 342.666 Thread 0x0000022b85702900 Thread added: 0x0000022b857077c0
Event: 343.832 Thread 0x0000022bff2d6180 Thread exited: 0x0000022bff2d6180
Event: 345.277 Thread 0x0000022b857077c0 Thread exited: 0x0000022b857077c0
Event: 345.279 Thread 0x0000022b85702900 Thread exited: 0x0000022b85702900
Event: 345.315 Thread 0x0000022bfc76e5e0 Thread added: 0x0000022bff2d6180
Event: 347.416 Thread 0x0000022bff2d6180 Thread exited: 0x0000022bff2d6180


Dynamic libraries:
0x00007ff70f460000 - 0x00007ff70f46e000 	c:\Users\bevan\.antigravity\extensions\redhat.java-1.53.0-win32-x64\jre\21.0.10-win32-x86_64\bin\java.exe
0x00007ffa32540000 - 0x00007ffa327a7000 	C:\WINDOWS\SYSTEM32\ntdll.dll
0x00007ffa31640000 - 0x00007ffa31709000 	C:\WINDOWS\System32\KERNEL32.DLL
0x00007ffa2f270000 - 0x00007ffa2f661000 	C:\WINDOWS\System32\KERNELBASE.dll
0x00007ffa2eed0000 - 0x00007ffa2f01b000 	C:\WINDOWS\System32\ucrtbase.dll
0x00007ff9f17d0000 - 0x00007ff9f17e8000 	c:\Users\bevan\.antigravity\extensions\redhat.java-1.53.0-win32-x64\jre\21.0.10-win32-x86_64\bin\jli.dll
0x00007ffa31e50000 - 0x00007ffa32015000 	C:\WINDOWS\System32\USER32.dll
0x00007ffa2f020000 - 0x00007ffa2f047000 	C:\WINDOWS\System32\win32u.dll
0x00007ffa31ac0000 - 0x00007ffa31aeb000 	C:\WINDOWS\System32\GDI32.dll
0x00007ffa2ffa0000 - 0x00007ffa300cb000 	C:\WINDOWS\System32\gdi32full.dll
0x00007ffa2f050000 - 0x00007ffa2f0f3000 	C:\WINDOWS\System32\msvcp_win.dll
0x00007ff9f0bd0000 - 0x00007ff9f0bee000 	c:\Users\bevan\.antigravity\extensions\redhat.java-1.53.0-win32-x64\jre\21.0.10-win32-x86_64\bin\VCRUNTIME140.dll
0x00007ffa129c0000 - 0x00007ffa12c53000 	C:\WINDOWS\WinSxS\amd64_microsoft.windows.common-controls_6595b64144ccf1df_6.0.26100.8037_none_3e092faae333b53b\COMCTL32.dll
0x00007ffa32020000 - 0x00007ffa320c9000 	C:\WINDOWS\System32\msvcrt.dll
0x00007ffa324c0000 - 0x00007ffa324f1000 	C:\WINDOWS\System32\IMM32.DLL
0x00007ffa18510000 - 0x00007ffa1851c000 	c:\Users\bevan\.antigravity\extensions\redhat.java-1.53.0-win32-x64\jre\21.0.10-win32-x86_64\bin\vcruntime140_1.dll
0x00007ff9ca940000 - 0x00007ff9ca9cd000 	c:\Users\bevan\.antigravity\extensions\redhat.java-1.53.0-win32-x64\jre\21.0.10-win32-x86_64\bin\msvcp140.dll
0x00007ff9751d0000 - 0x00007ff975f71000 	c:\Users\bevan\.antigravity\extensions\redhat.java-1.53.0-win32-x64\jre\21.0.10-win32-x86_64\bin\server\jvm.dll
0x00007ffa31820000 - 0x00007ffa318db000 	C:\WINDOWS\System32\ADVAPI32.dll
0x00007ffa32230000 - 0x00007ffa322d7000 	C:\WINDOWS\System32\sechost.dll
0x00007ffa31c30000 - 0x00007ffa31d48000 	C:\WINDOWS\System32\RPCRT4.dll
0x00007ffa31470000 - 0x00007ffa314e4000 	C:\WINDOWS\System32\WS2_32.dll
0x00007ffa2ec80000 - 0x00007ffa2ecde000 	C:\WINDOWS\SYSTEM32\POWRPROF.dll
0x00007ffa27310000 - 0x00007ffa27345000 	C:\WINDOWS\SYSTEM32\WINMM.dll
0x00007ffa1db00000 - 0x00007ffa1db0b000 	C:\WINDOWS\SYSTEM32\VERSION.dll
0x00007ffa2ec60000 - 0x00007ffa2ec74000 	C:\WINDOWS\SYSTEM32\UMPDC.dll
0x00007ffa2dbb0000 - 0x00007ffa2dbcb000 	C:\WINDOWS\SYSTEM32\kernel.appcore.dll
0x00007ffa0cba0000 - 0x00007ffa0cbaa000 	c:\Users\bevan\.antigravity\extensions\redhat.java-1.53.0-win32-x64\jre\21.0.10-win32-x86_64\bin\jimage.dll
0x00007ffa2cbd0000 - 0x00007ffa2ce12000 	C:\WINDOWS\SYSTEM32\DBGHELP.DLL
0x00007ffa31080000 - 0x00007ffa31402000 	C:\WINDOWS\System32\combase.dll
0x00007ffa319e0000 - 0x00007ffa31ab7000 	C:\WINDOWS\System32\OLEAUT32.dll
0x00007ffa0be60000 - 0x00007ffa0be9b000 	C:\WINDOWS\SYSTEM32\dbgcore.DLL
0x00007ffa2ee20000 - 0x00007ffa2eec5000 	C:\WINDOWS\System32\bcryptPrimitives.dll
0x00007ffa0b2b0000 - 0x00007ffa0b2bf000 	c:\Users\bevan\.antigravity\extensions\redhat.java-1.53.0-win32-x64\jre\21.0.10-win32-x86_64\bin\instrument.dll
0x00007ff9ef4d0000 - 0x00007ff9ef4f0000 	c:\Users\bevan\.antigravity\extensions\redhat.java-1.53.0-win32-x64\jre\21.0.10-win32-x86_64\bin\java.dll
0x00007ffa302e0000 - 0x00007ffa30a3f000 	C:\WINDOWS\System32\SHELL32.dll
0x00007ffa2f100000 - 0x00007ffa2f26a000 	C:\WINDOWS\System32\wintypes.dll
0x00007ffa2f670000 - 0x00007ffa2fed4000 	C:\WINDOWS\System32\windows.storage.dll
0x00007ffa31d50000 - 0x00007ffa31e47000 	C:\WINDOWS\System32\SHCORE.dll
0x00007ffa318e0000 - 0x00007ffa31947000 	C:\WINDOWS\System32\shlwapi.dll
0x00007ffa2ed40000 - 0x00007ffa2ed69000 	C:\WINDOWS\SYSTEM32\profapi.dll
0x00007ff9f18d0000 - 0x00007ff9f18e8000 	c:\Users\bevan\.antigravity\extensions\redhat.java-1.53.0-win32-x64\jre\21.0.10-win32-x86_64\bin\zip.dll
0x00007ffa0b610000 - 0x00007ffa0b620000 	C:\Users\bevan\.antigravity\extensions\redhat.java-1.53.0-win32-x64\jre\21.0.10-win32-x86_64\bin\net.dll
0x00007ffa22af0000 - 0x00007ffa22c17000 	C:\WINDOWS\SYSTEM32\WINHTTP.dll
0x00007ffa2e120000 - 0x00007ffa2e18b000 	C:\WINDOWS\system32\mswsock.dll
0x00007ff9ef500000 - 0x00007ff9ef516000 	C:\Users\bevan\.antigravity\extensions\redhat.java-1.53.0-win32-x64\jre\21.0.10-win32-x86_64\bin\nio.dll
0x00007ff9f9f30000 - 0x00007ff9f9f40000 	c:\Users\bevan\.antigravity\extensions\redhat.java-1.53.0-win32-x64\jre\21.0.10-win32-x86_64\bin\verify.dll
0x00007ffa03830000 - 0x00007ffa03875000 	C:\Users\bevan\AppData\Roaming\Antigravity\User\globalStorage\redhat.java\1.53.0\config_win\org.eclipse.equinox.launcher\org.eclipse.equinox.launcher.win32.win32.x86_64_1.3.0.v20260203-2149\eclipse_11919.dll
0x00007ffa30ee0000 - 0x00007ffa31075000 	C:\WINDOWS\System32\ole32.dll
0x00007ffa2e400000 - 0x00007ffa2e41b000 	C:\WINDOWS\SYSTEM32\CRYPTSP.dll
0x00007ffa2db10000 - 0x00007ffa2db49000 	C:\WINDOWS\system32\rsaenh.dll
0x00007ffa2e1d0000 - 0x00007ffa2e202000 	C:\WINDOWS\SYSTEM32\USERENV.dll
0x00007ffa2ed10000 - 0x00007ffa2ed3a000 	C:\WINDOWS\SYSTEM32\bcrypt.dll
0x00007ffa2e420000 - 0x00007ffa2e42c000 	C:\WINDOWS\SYSTEM32\CRYPTBASE.dll
0x00007ffa2d5f0000 - 0x00007ffa2d623000 	C:\WINDOWS\SYSTEM32\IPHLPAPI.DLL
0x00007ffa31810000 - 0x00007ffa3181a000 	C:\WINDOWS\System32\NSI.dll
0x00007ff9f7ef0000 - 0x00007ff9f7f39000 	C:\Users\bevan\AppData\Local\Temp\jna-93630464\jna1694160591559294017.dll
0x00007ffa319d0000 - 0x00007ffa319d8000 	C:\WINDOWS\System32\PSAPI.DLL
0x00007ffa29150000 - 0x00007ffa2916d000 	C:\WINDOWS\SYSTEM32\dhcpcsvc6.DLL
0x00007ffa29120000 - 0x00007ffa29143000 	C:\WINDOWS\SYSTEM32\dhcpcsvc.DLL
0x00007ffa29cb0000 - 0x00007ffa29cd7000 	C:\Users\bevan\.gradle\native\1def1411415f61bf3af743bc5b6707747c0891f09f0c88961ee8f79bc544acac\windows-amd64\native-platform.dll
0x00007ffa03500000 - 0x00007ffa0350a000 	C:\Users\bevan\.antigravity\extensions\redhat.java-1.53.0-win32-x64\jre\21.0.10-win32-x86_64\bin\management.dll
0x00007ffa015e0000 - 0x00007ffa015ec000 	C:\Users\bevan\.antigravity\extensions\redhat.java-1.53.0-win32-x64\jre\21.0.10-win32-x86_64\bin\management_ext.dll
0x00007ff9f9ab0000 - 0x00007ff9f9ab9000 	C:\Users\bevan\.antigravity\extensions\redhat.java-1.53.0-win32-x64\jre\21.0.10-win32-x86_64\bin\extnet.dll
0x00007ff9f9de0000 - 0x00007ff9f9dee000 	C:\Users\bevan\.antigravity\extensions\redhat.java-1.53.0-win32-x64\jre\21.0.10-win32-x86_64\bin\sunmscapi.dll
0x00007ffa300d0000 - 0x00007ffa30247000 	C:\WINDOWS\System32\CRYPT32.dll
0x00007ffa2e620000 - 0x00007ffa2e650000 	C:\WINDOWS\SYSTEM32\ncrypt.dll
0x00007ffa2e5d0000 - 0x00007ffa2e60f000 	C:\WINDOWS\SYSTEM32\NTASN1.dll
0x00007ffa0ddd0000 - 0x00007ffa0ddd8000 	C:\WINDOWS\system32\wshunix.dll

JVMTI agents:
c:\Users\bevan\.antigravity\extensions\redhat.java-1.53.0-win32-x64\lombok\lombok-1.18.39-4050.jar path:c:\Users\bevan\.antigravity\extensions\redhat.java-1.53.0-win32-x64\jre\21.0.10-win32-x86_64\bin\instrument.dll, loaded, initialized, instrumentlib options:none

dbghelp: loaded successfully - version: 4.0.5 - missing functions: none
symbol engine: initialized successfully - sym options: 0x614 - pdb path: .;c:\Users\bevan\.antigravity\extensions\redhat.java-1.53.0-win32-x64\jre\21.0.10-win32-x86_64\bin;C:\WINDOWS\SYSTEM32;C:\WINDOWS\WinSxS\amd64_microsoft.windows.common-controls_6595b64144ccf1df_6.0.26100.8037_none_3e092faae333b53b;c:\Users\bevan\.antigravity\extensions\redhat.java-1.53.0-win32-x64\jre\21.0.10-win32-x86_64\bin\server;C:\Users\bevan\AppData\Roaming\Antigravity\User\globalStorage\redhat.java\1.53.0\config_win\org.eclipse.equinox.launcher\org.eclipse.equinox.launcher.win32.win32.x86_64_1.3.0.v20260203-2149;C:\Users\bevan\AppData\Local\Temp\jna-93630464;C:\Users\bevan\.gradle\native\1def1411415f61bf3af743bc5b6707747c0891f09f0c88961ee8f79bc544acac\windows-amd64

VM Arguments:
jvm_args: --add-modules=ALL-SYSTEM --add-opens=java.base/java.util=ALL-UNNAMED --add-opens=java.base/java.lang=ALL-UNNAMED --add-opens=java.base/sun.nio.fs=ALL-UNNAMED -Declipse.application=org.eclipse.jdt.ls.core.id1 -Dosgi.bundles.defaultStartLevel=4 -Declipse.product=org.eclipse.jdt.ls.core.product -Djava.import.generatesMetadataFilesAtProjectRoot=false -DDetectVMInstallationsJob.disabled=true -Dfile.encoding=utf8 -XX:+UseParallelGC -XX:GCTimeRatio=4 -XX:AdaptiveSizePolicyWeight=90 -Dsun.zip.disableMemoryMapping=true -Xmx2G -Xms100m -Xlog:disable -javaagent:c:\Users\bevan\.antigravity\extensions\redhat.java-1.53.0-win32-x64\lombok\lombok-1.18.39-4050.jar -XX:+HeapDumpOnOutOfMemoryError -XX:HeapDumpPath=c:\Users\bevan\AppData\Roaming\Antigravity\User\workspaceStorage\b9cd3eab833682dd8f2566eaee422e8b\redhat.java -Daether.dependencyCollector.impl=bf 
java_command: c:\Users\bevan\.antigravity\extensions\redhat.java-1.53.0-win32-x64\server\plugins\org.eclipse.equinox.launcher_1.7.100.v20251111-0406.jar -configuration c:\Users\bevan\AppData\Roaming\Antigravity\User\globalStorage\redhat.java\1.53.0\config_win -data c:\Users\bevan\AppData\Roaming\Antigravity\User\workspaceStorage\b9cd3eab833682dd8f2566eaee422e8b\redhat.java\jdt_ws --pipe=\\.\pipe\lsp-a7e06f8f569ee4bf1e302492c7cf27db-sock
java_class_path (initial): c:\Users\bevan\.antigravity\extensions\redhat.java-1.53.0-win32-x64\server\plugins\org.eclipse.equinox.launcher_1.7.100.v20251111-0406.jar
Launcher Type: SUN_STANDARD

[Global flags]
    uintx AdaptiveSizePolicyWeight                 = 90                                        {product} {command line}
     intx CICompilerCount                          = 4                                         {product} {ergonomic}
    uintx GCTimeRatio                              = 4                                         {product} {command line}
     bool HeapDumpOnOutOfMemoryError               = true                                   {manageable} {command line}
    ccstr HeapDumpPath                             = c:\Users\bevan\AppData\Roaming\Antigravity\User\workspaceStorage\b9cd3eab833682dd8f2566eaee422e8b\redhat.java         {manageable} {command line}
   size_t InitialHeapSize                          = 104857600                                 {product} {command line}
   size_t MaxHeapSize                              = 2147483648                                {product} {command line}
   size_t MaxNewSize                               = 715653120                                 {product} {ergonomic}
   size_t MinHeapDeltaBytes                        = 524288                                    {product} {ergonomic}
   size_t MinHeapSize                              = 104857600                                 {product} {command line}
   size_t NewSize                                  = 34603008                                  {product} {ergonomic}
    uintx NonNMethodCodeHeapSize                   = 5839372                                {pd product} {ergonomic}
    uintx NonProfiledCodeHeapSize                  = 122909434                              {pd product} {ergonomic}
   size_t OldSize                                  = 70254592                                  {product} {ergonomic}
    uintx ProfiledCodeHeapSize                     = 122909434                              {pd product} {ergonomic}
    uintx ReservedCodeCacheSize                    = 251658240                              {pd product} {ergonomic}
     bool SegmentedCodeCache                       = true                                      {product} {ergonomic}
   size_t SoftMaxHeapSize                          = 2147483648                             {manageable} {ergonomic}
     bool UseCompressedOops                        = true                           {product lp64_product} {ergonomic}
     bool UseLargePagesIndividualAllocation        = false                                  {pd product} {ergonomic}
     bool UseParallelGC                            = true                                      {product} {command line}

Logging:
Log output configuration:
 #0: stdout all=off uptime,level,tags foldmultilines=false
 #1: stderr all=off uptime,level,tags foldmultilines=false

Release file:
JAVA_VERSION="21.0.10" 
MODULES="java.base java.compiler java.datatransfer java.xml java.prefs java.desktop java.instrument java.logging java.management java.security.sasl java.naming java.rmi java.management.rmi java.net.http java.scripting java.security.jgss java.transaction.xa java.sql java.sql.rowset java.xml.crypto java.se java.smartcardio jdk.accessibility jdk.internal.jvmstat jdk.attach jdk.charsets jdk.internal.opt jdk.zipfs jdk.compiler jdk.crypto.ec jdk.crypto.cryptoki jdk.crypto.mscapi jdk.dynalink jdk.internal.ed jdk.editpad jdk.hotspot.agent jdk.httpserver jdk.internal.le jdk.internal.vm.ci jdk.internal.vm.compiler jdk.internal.vm.compiler.management jdk.jartool jdk.javadoc jdk.jcmd jdk.management jdk.management.agent jdk.jconsole jdk.jdeps jdk.jdwp.agent jdk.jdi jdk.jfr jdk.jshell jdk.jsobject jdk.jstatd jdk.localedata jdk.management.jfr jdk.naming.dns jdk.naming.rmi jdk.net jdk.nio.mapmode jdk.random jdk.sctp jdk.security.auth jdk.security.jgss jdk.unsupported jdk.unsupported.desktop jdk.xml.dom" 

Environment Variables:
PATH=C:\Program Files\Eclipse Adoptium\jdk-25.0.1.8-hotspot\bin;C:\WINDOWS\system32;C:\WINDOWS;C:\WINDOWS\System32\Wbem;C:\WINDOWS\System32\WindowsPowerShell\v1.0\;C:\WINDOWS\System32\OpenSSH\;C:\Program Files (x86)\BaseX\bin;C:\Program Files\nodejs\;C:\Program Files\Git\cmd;C:\Program Files (x86)\Windows Kits\10\Windows Performance Toolkit\;C:\Users\bevan\AppData\Local\Microsoft\WindowsApps;C:\Users\bevan\AppData\Local\Programs\Microsoft VS Code\bin;C:\Users\bevan\AppData\Roaming\npm;C:\Users\bevan\AppData\Local\Programs\Antigravity\bin;C:\Users\bevan\AppData\Local\GitHubDesktop\bin;C:\Users\bevan\flutter sdk\flutter\bin
USERNAME=bevan
OS=Windows_NT
PROCESSOR_IDENTIFIER=Intel64 Family 6 Model 140 Stepping 1, GenuineIntel
TMP=C:\Users\bevan\AppData\Local\Temp
TEMP=C:\Users\bevan\AppData\Local\Temp




Periodic native trim disabled

---------------  S Y S T E M  ---------------

OS:
 Windows 11 , 64 bit Build 26100 (10.0.26100.7920)
OS uptime: 0 days 15:28 hours
Hyper-V role detected

CPU: total 8 (initial active 8) (4 cores per cpu, 2 threads per core) family 6 model 140 stepping 1 microcode 0xbc, cx8, cmov, fxsr, ht, mmx, 3dnowpref, sse, sse2, sse3, ssse3, sse4.1, sse4.2, popcnt, lzcnt, tsc, tscinvbit, avx, avx2, aes, erms, clmul, bmi1, bmi2, adx, avx512f, avx512dq, avx512cd, avx512bw, avx512vl, sha, fma, vzeroupper, avx512_vpopcntdq, avx512_vpclmulqdq, avx512_vaes, avx512_vnni, clflush, clflushopt, clwb, avx512_vbmi2, avx512_vbmi, hv, rdtscp, rdpid, fsrm, gfni, avx512_bitalg, f16c, cet_ibt, cet_ss, avx512_ifma
Processor Information for the first 8 processors :
  Max Mhz: 2419, Current Mhz: 1007, Mhz Limit: 2419

Memory: 4k page, system-wide physical 7932M (548M free)
TotalPageFile size 16124M (AvailPageFile size 89M)
current process WorkingSet (physical memory assigned to process): 824M, peak: 824M
current process commit charge ("private bytes"): 967M, peak: 967M

vm_info: OpenJDK 64-Bit Server VM (21.0.10+7-LTS) for windows-amd64 JRE (21.0.10+7-LTS), built on 2026-01-20T00:00:00Z by "admin" with MS VC++ 17.12 (VS2022)

END.
